"Application 'C:\Program Files\Microsoft Office\root\vfs\ProgramFilesCommonX64\Microsoft Shared\OFFICE16\ai.exe' (pid 11004) cannot be restarted - Application SID does not match Conductor SID..","10010","0",,"3","0","0","-9223372036854775808","15393","Microsoft-Windows-RestartManager","0888e5ef-9b98-4695-979d-e92ce4247224","Application","13876","6824","Crow-2","S-1-5-18","1/11/2024 1:50:07 PM",,,"Application","System.UInt32[]","System.Diagnostics.Eventing.Reader.EventBookmark","Warning","Info",,"System.Collections.ObjectModel.ReadOnlyCollection`1[System.String]","System.Collections.Generic.List`1[System.Diagnostics.Eventing.Reader.EventProperty]"
"Application 'C:\Program Files\Microsoft Office\root\vfs\ProgramFilesCommonX64\Microsoft Shared\OFFICE16\ai.exe' (pid 1228) cannot be restarted - Application SID does not match Conductor SID..","10010","0",,"3","0","0","-9223372036854775808","15392","Microsoft-Windows-RestartManager","0888e5ef-9b98-4695-979d-e92ce4247224","Application","13876","6824","Crow-2","S-1-5-18","1/11/2024 1:50:07 PM",,,"Application","System.UInt32[]","System.Diagnostics.Eventing.Reader.EventBookmark","Warning","Info",,"System.Collections.ObjectModel.ReadOnlyCollection`1[System.String]","System.Collections.Generic.List`1[System.Diagnostics.Eventing.Reader.EventProperty]"
"Application 'C:\Program Files\Microsoft Office\root\Office16\WINWORD.EXE' (pid 5032) cannot be restarted - Application SID does not match Conductor SID..","10010","0",,"3","0","0","-9223372036854775808","15391","Microsoft-Windows-RestartManager","0888e5ef-9b98-4695-979d-e92ce4247224","Application","13876","6824","Crow-2","S-1-5-18","1/11/2024 1:50:07 PM",,,"Application","System.UInt32[]","System.Diagnostics.Eventing.Reader.EventBookmark","Warning","Info",,"System.Collections.ObjectModel.ReadOnlyCollection`1[System.String]","System.Collections.Generic.List`1[System.Diagnostics.Eventing.Reader.EventProperty]"
"Application 'C:\Program Files\Microsoft Office\root\vfs\ProgramFilesCommonX64\Microsoft Shared\OFFICE16\ai.exe' (pid 11004) cannot be restarted - Application SID does not match Conductor SID..","10010","0",,"3","0","0","-9223372036854775808","15385","Microsoft-Windows-RestartManager","0888e5ef-9b98-4695-979d-e92ce4247224","Application","15288","8208","Crow-2","S-1-5-18","1/11/2024 1:29:28 PM",,,"Application","System.UInt32[]","System.Diagnostics.Eventing.Reader.EventBookmark","Warning","Info",,"System.Collections.ObjectModel.ReadOnlyCollection`1[System.String]","System.Collections.Generic.List`1[System.Diagnostics.Eventing.Reader.EventProperty]"
"Application 'C:\Program Files\Microsoft Office\root\vfs\ProgramFilesCommonX64\Microsoft Shared\OFFICE16\ai.exe' (pid 1228) cannot be restarted - Application SID does not match Conductor SID..","10010","0",,"3","0","0","-9223372036854775808","15384","Microsoft-Windows-RestartManager","0888e5ef-9b98-4695-979d-e92ce4247224","Application","15288","8208","Crow-2","S-1-5-18","1/11/2024 1:29:28 PM",,,"Application","System.UInt32[]","System.Diagnostics.Eventing.Reader.EventBookmark","Warning","Info",,"System.Collections.ObjectModel.ReadOnlyCollection`1[System.String]","System.Collections.Generic.List`1[System.Diagnostics.Eventing.Reader.EventProperty]"
"Application 'C:\Program Files\Microsoft Office\root\Office16\WINWORD.EXE' (pid 5032) cannot be restarted - Application SID does not match Conductor SID..","10010","0",,"3","0","0","-9223372036854775808","15383","Microsoft-Windows-RestartManager","0888e5ef-9b98-4695-979d-e92ce4247224","Application","15288","8208","Crow-2","S-1-5-18","1/11/2024 1:29:28 PM",,,"Application","System.UInt32[]","System.Diagnostics.Eventing.Reader.EventBookmark","Warning","Info",,"System.Collections.ObjectModel.ReadOnlyCollection`1[System.String]","System.Collections.Generic.List`1[System.Diagnostics.Eventing.Reader.EventProperty]"
"Application 'C:\Program Files\Microsoft Office\root\vfs\ProgramFilesCommonX64\Microsoft Shared\OFFICE16\ai.exe' (pid 11004) cannot be restarted - Application SID does not match Conductor SID..","10010","0",,"3","0","0","-9223372036854775808","15377","Microsoft-Windows-RestartManager","0888e5ef-9b98-4695-979d-e92ce4247224","Application","4548","11520","Crow-2","S-1-5-18","1/11/2024 1:23:45 PM",,,"Application","System.UInt32[]","System.Diagnostics.Eventing.Reader.EventBookmark","Warning","Info",,"System.Collections.ObjectModel.ReadOnlyCollection`1[System.String]","System.Collections.Generic.List`1[System.Diagnostics.Eventing.Reader.EventProperty]"
"Application 'C:\Program Files\Microsoft Office\root\vfs\ProgramFilesCommonX64\Microsoft Shared\OFFICE16\ai.exe' (pid 1228) cannot be restarted - Application SID does not match Conductor SID..","10010","0",,"3","0","0","-9223372036854775808","15376","Microsoft-Windows-RestartManager","0888e5ef-9b98-4695-979d-e92ce4247224","Application","4548","11520","Crow-2","S-1-5-18","1/11/2024 1:23:45 PM",,,"Application","System.UInt32[]","System.Diagnostics.Eventing.Reader.EventBookmark","Warning","Info",,"System.Collections.ObjectModel.ReadOnlyCollection`1[System.String]","System.Collections.Generic.List`1[System.Diagnostics.Eventing.Reader.EventProperty]"
"Application 'C:\Program Files\Microsoft Office\root\Office16\WINWORD.EXE' (pid 5032) cannot be restarted - Application SID does not match Conductor SID..","10010","0",,"3","0","0","-9223372036854775808","15375","Microsoft-Windows-RestartManager","0888e5ef-9b98-4695-979d-e92ce4247224","Application","4548","11520","Crow-2","S-1-5-18","1/11/2024 1:23:45 PM",,,"Application","System.UInt32[]","System.Diagnostics.Eventing.Reader.EventBookmark","Warning","Info",,"System.Collections.ObjectModel.ReadOnlyCollection`1[System.String]","System.Collections.Generic.List`1[System.Diagnostics.Eventing.Reader.EventProperty]"
"Application 'C:\Program Files\Microsoft Office\root\vfs\ProgramFilesCommonX64\Microsoft Shared\OFFICE16\ai.exe' (pid 1228) cannot be restarted - Application SID does not match Conductor SID..","10010","0",,"3","0","0","-9223372036854775808","15368","Microsoft-Windows-RestartManager","0888e5ef-9b98-4695-979d-e92ce4247224","Application","9320","11576","Crow-2","S-1-5-18","1/11/2024 12:59:07 PM",,,"Application","System.UInt32[]","System.Diagnostics.Eventing.Reader.EventBookmark","Warning","Info",,"System.Collections.ObjectModel.ReadOnlyCollection`1[System.String]","System.Collections.Generic.List`1[System.Diagnostics.Eventing.Reader.EventProperty]"
"Application 'C:\Program Files\Microsoft Office\root\Office16\WINWORD.EXE' (pid 5032) cannot be restarted - Application SID does not match Conductor SID..","10010","0",,"3","0","0","-9223372036854775808","15367","Microsoft-Windows-RestartManager","0888e5ef-9b98-4695-979d-e92ce4247224","Application","9320","11576","Crow-2","S-1-5-18","1/11/2024 12:59:07 PM",,,"Application","System.UInt32[]","System.Diagnostics.Eventing.Reader.EventBookmark","Warning","Info",,"System.Collections.ObjectModel.ReadOnlyCollection`1[System.String]","System.Collections.Generic.List`1[System.Diagnostics.Eventing.Reader.EventProperty]"
"Application 'C:\Program Files\Microsoft Office\root\vfs\ProgramFilesCommonX64\Microsoft Shared\OFFICE16\ai.exe' (pid 1228) cannot be restarted - Application SID does not match Conductor SID..","10010","0",,"3","0","0","-9223372036854775808","15359","Microsoft-Windows-RestartManager","0888e5ef-9b98-4695-979d-e92ce4247224","Application","17084","10580","Crow-2","S-1-5-18","1/11/2024 12:54:54 PM",,,"Application","System.UInt32[]","System.Diagnostics.Eventing.Reader.EventBookmark","Warning","Info",,"System.Collections.ObjectModel.ReadOnlyCollection`1[System.String]","System.Collections.Generic.List`1[System.Diagnostics.Eventing.Reader.EventProperty]"
"Application 'C:\Program Files\Microsoft Office\root\Office16\WINWORD.EXE' (pid 5032) cannot be restarted - Application SID does not match Conductor SID..","10010","0",,"3","0","0","-9223372036854775808","15358","Microsoft-Windows-RestartManager","0888e5ef-9b98-4695-979d-e92ce4247224","Application","17084","10580","Crow-2","S-1-5-18","1/11/2024 12:54:54 PM",,,"Application","System.UInt32[]","System.Diagnostics.Eventing.Reader.EventBookmark","Warning","Info",,"System.Collections.ObjectModel.ReadOnlyCollection`1[System.String]","System.Collections.Generic.List`1[System.Diagnostics.Eventing.Reader.EventProperty]"
"Application 'C:\Program Files\Microsoft Office\root\vfs\ProgramFilesCommonX64\Microsoft Shared\OFFICE16\ai.exe' (pid 1228) cannot be restarted - Application SID does not match Conductor SID..","10010","0",,"3","0","0","-9223372036854775808","15347","Microsoft-Windows-RestartManager","0888e5ef-9b98-4695-979d-e92ce4247224","Application","6884","14700","Crow-2","S-1-5-18","1/11/2024 12:54:04 PM",,,"Application","System.UInt32[]","System.Diagnostics.Eventing.Reader.EventBookmark","Warning","Info",,"System.Collections.ObjectModel.ReadOnlyCollection`1[System.String]","System.Collections.Generic.List`1[System.Diagnostics.Eventing.Reader.EventProperty]"
"Application 'C:\Program Files\Microsoft Office\root\Office16\WINWORD.EXE' (pid 5032) cannot be restarted - Application SID does not match Conductor SID..","10010","0",,"3","0","0","-9223372036854775808","15346","Microsoft-Windows-RestartManager","0888e5ef-9b98-4695-979d-e92ce4247224","Application","6884","14700","Crow-2","S-1-5-18","1/11/2024 12:54:04 PM",,,"Application","System.UInt32[]","System.Diagnostics.Eventing.Reader.EventBookmark","Warning","Info",,"System.Collections.ObjectModel.ReadOnlyCollection`1[System.String]","System.Collections.Generic.List`1[System.Diagnostics.Eventing.Reader.EventProperty]"
"Application 'C:\Program Files\Microsoft Office\root\vfs\ProgramFilesCommonX64\Microsoft Shared\OFFICE16\ai.exe' (pid 1228) cannot be restarted - Application SID does not match Conductor SID..","10010","0",,"3","0","0","-9223372036854775808","15333","Microsoft-Windows-RestartManager","0888e5ef-9b98-4695-979d-e92ce4247224","Application","11056","12560","Crow-2","S-1-5-18","1/11/2024 12:05:09 PM",,,"Application","System.UInt32[]","System.Diagnostics.Eventing.Reader.EventBookmark","Warning","Info",,"System.Collections.ObjectModel.ReadOnlyCollection`1[System.String]","System.Collections.Generic.List`1[System.Diagnostics.Eventing.Reader.EventProperty]"
"Application 'C:\Program Files\Microsoft Office\root\Office16\WINWORD.EXE' (pid 5032) cannot be restarted - Application SID does not match Conductor SID..","10010","0",,"3","0","0","-9223372036854775808","15332","Microsoft-Windows-RestartManager","0888e5ef-9b98-4695-979d-e92ce4247224","Application","11056","12560","Crow-2","S-1-5-18","1/11/2024 12:05:09 PM",,,"Application","System.UInt32[]","System.Diagnostics.Eventing.Reader.EventBookmark","Warning","Info",,"System.Collections.ObjectModel.ReadOnlyCollection`1[System.String]","System.Collections.Generic.List`1[System.Diagnostics.Eventing.Reader.EventProperty]"
"Application 'C:\Program Files\Microsoft Office\root\vfs\ProgramFilesCommonX64\Microsoft Shared\OFFICE16\ai.exe' (pid 1228) cannot be restarted - Application SID does not match Conductor SID..","10010","0",,"3","0","0","-9223372036854775808","15324","Microsoft-Windows-RestartManager","0888e5ef-9b98-4695-979d-e92ce4247224","Application","2224","3608","Crow-2","S-1-5-18","1/11/2024 11:47:50 AM",,,"Application","System.UInt32[]","System.Diagnostics.Eventing.Reader.EventBookmark","Warning","Info",,"System.Collections.ObjectModel.ReadOnlyCollection`1[System.String]","System.Collections.Generic.List`1[System.Diagnostics.Eventing.Reader.EventProperty]"
"Application 'C:\Program Files\Microsoft Office\root\Office16\WINWORD.EXE' (pid 5032) cannot be restarted - Application SID does not match Conductor SID..","10010","0",,"3","0","0","-9223372036854775808","15323","Microsoft-Windows-RestartManager","0888e5ef-9b98-4695-979d-e92ce4247224","Application","2224","3608","Crow-2","S-1-5-18","1/11/2024 11:47:50 AM",,,"Application","System.UInt32[]","System.Diagnostics.Eventing.Reader.EventBookmark","Warning","Info",,"System.Collections.ObjectModel.ReadOnlyCollection`1[System.String]","System.Collections.Generic.List`1[System.Diagnostics.Eventing.Reader.EventProperty]"
"A provider, IntelMEProv, has been registered in the Windows Management Instrumentation namespace root\Intel_ME to use the LocalSystem account. This account is privileged and the provider may cause a security violation if it does not correctly impersonate user requests.","63","2",,"3","0","0","-9223372036854775808","15270","Microsoft-Windows-WMI","1edeee53-0afe-4609-b846-d8c0b2075b1f","Application","3208","3648","Crow-2","S-1-5-18","1/11/2024 11:38:48 AM",,,"Application","System.UInt32[]","System.Diagnostics.Eventing.Reader.EventBookmark","Warning","Info",,"System.Collections.ObjectModel.ReadOnlyCollection`1[System.String]","System.Collections.Generic.List`1[System.Diagnostics.Eventing.Reader.EventProperty]"
"A provider, IntelMEProv, has been registered in the Windows Management Instrumentation namespace root\Intel_ME to use the LocalSystem account. This account is privileged and the provider may cause a security violation if it does not correctly impersonate user requests.","63","2",,"3","0","0","-9223372036854775808","15269","Microsoft-Windows-WMI","1edeee53-0afe-4609-b846-d8c0b2075b1f","Application","3208","3648","Crow-2","S-1-5-18","1/11/2024 11:38:48 AM",,,"Application","System.UInt32[]","System.Diagnostics.Eventing.Reader.EventBookmark","Warning","Info",,"System.Collections.ObjectModel.ReadOnlyCollection`1[System.String]","System.Collections.Generic.List`1[System.Diagnostics.Eventing.Reader.EventProperty]"
"A provider, IntelMEProv, has been registered in the Windows Management Instrumentation namespace root\Intel_ME to use the LocalSystem account. This account is privileged and the provider may cause a security violation if it does not correctly impersonate user requests.","63","2",,"3","0","0","-9223372036854775808","15268","Microsoft-Windows-WMI","1edeee53-0afe-4609-b846-d8c0b2075b1f","Application","3208","3708","Crow-2","S-1-5-18","1/11/2024 11:38:48 AM",,,"Application","System.UInt32[]","System.Diagnostics.Eventing.Reader.EventBookmark","Warning","Info",,"System.Collections.ObjectModel.ReadOnlyCollection`1[System.String]","System.Collections.Generic.List`1[System.Diagnostics.Eventing.Reader.EventProperty]"
"A provider, IntelMEProv, has been registered in the Windows Management Instrumentation namespace root\Intel_ME to use the LocalSystem account. This account is privileged and the provider may cause a security violation if it does not correctly impersonate user requests.","63","2",,"3","0","0","-9223372036854775808","15247","Microsoft-Windows-WMI","1edeee53-0afe-4609-b846-d8c0b2075b1f","Application","2980","3252","Crow-2","S-1-5-18","1/10/2024 11:08:22 AM",,,"Application","System.UInt32[]","System.Diagnostics.Eventing.Reader.EventBookmark","Warning","Info",,"System.Collections.ObjectModel.ReadOnlyCollection`1[System.String]","System.Collections.Generic.List`1[System.Diagnostics.Eventing.Reader.EventProperty]"
"A provider, IntelMEProv, has been registered in the Windows Management Instrumentation namespace root\Intel_ME to use the LocalSystem account. This account is privileged and the provider may cause a security violation if it does not correctly impersonate user requests.","63","2",,"3","0","0","-9223372036854775808","15246","Microsoft-Windows-WMI","1edeee53-0afe-4609-b846-d8c0b2075b1f","Application","2980","3252","Crow-2","S-1-5-18","1/10/2024 11:08:22 AM",,,"Application","System.UInt32[]","System.Diagnostics.Eventing.Reader.EventBookmark","Warning","Info",,"System.Collections.ObjectModel.ReadOnlyCollection`1[System.String]","System.Collections.Generic.List`1[System.Diagnostics.Eventing.Reader.EventProperty]"
"A provider, IntelMEProv, has been registered in the Windows Management Instrumentation namespace root\Intel_ME to use the LocalSystem account. This account is privileged and the provider may cause a security violation if it does not correctly impersonate user requests.","63","2",,"3","0","0","-9223372036854775808","15245","Microsoft-Windows-WMI","1edeee53-0afe-4609-b846-d8c0b2075b1f","Application","2980","3484","Crow-2","S-1-5-18","1/10/2024 11:08:22 AM",,,"Application","System.UInt32[]","System.Diagnostics.Eventing.Reader.EventBookmark","Warning","Info",,"System.Collections.ObjectModel.ReadOnlyCollection`1[System.String]","System.Collections.Generic.List`1[System.Diagnostics.Eventing.Reader.EventProperty]"
"Application 'C:\Program Files (x86)\ExpressVPN\expressvpn-ui\ExpressVPNNotificationService.exe' (pid 16856) cannot be restarted - Application SID does not match Conductor SID..","10010","0",,"3","0","0","-9223372036854775808","15205","Microsoft-Windows-RestartManager","0888e5ef-9b98-4695-979d-e92ce4247224","Application","11696","6348","Crow-2","S-1-5-18","1/10/2024 9:55:49 AM",,,"Application","System.UInt32[]","System.Diagnostics.Eventing.Reader.EventBookmark","Warning","Info",,"System.Collections.ObjectModel.ReadOnlyCollection`1[System.String]","System.Collections.Generic.List`1[System.Diagnostics.Eventing.Reader.EventProperty]"
"A provider, IntelMEProv, has been registered in the Windows Management Instrumentation namespace root\Intel_ME to use the LocalSystem account. This account is privileged and the provider may cause a security violation if it does not correctly impersonate user requests.","63","2",,"3","0","0","-9223372036854775808","14900","Microsoft-Windows-WMI","1edeee53-0afe-4609-b846-d8c0b2075b1f","Application","3108","3748","Crow-2","S-1-5-18","1/8/2024 7:47:11 PM",,,"Application","System.UInt32[]","System.Diagnostics.Eventing.Reader.EventBookmark","Warning","Info",,"System.Collections.ObjectModel.ReadOnlyCollection`1[System.String]","System.Collections.Generic.List`1[System.Diagnostics.Eventing.Reader.EventProperty]"
"A provider, IntelMEProv, has been registered in the Windows Management Instrumentation namespace root\Intel_ME to use the LocalSystem account. This account is privileged and the provider may cause a security violation if it does not correctly impersonate user requests.","63","2",,"3","0","0","-9223372036854775808","14899","Microsoft-Windows-WMI","1edeee53-0afe-4609-b846-d8c0b2075b1f","Application","3108","3748","Crow-2","S-1-5-18","1/8/2024 7:47:11 PM",,,"Application","System.UInt32[]","System.Diagnostics.Eventing.Reader.EventBookmark","Warning","Info",,"System.Collections.ObjectModel.ReadOnlyCollection`1[System.String]","System.Collections.Generic.List`1[System.Diagnostics.Eventing.Reader.EventProperty]"
"A provider, IntelMEProv, has been registered in the Windows Management Instrumentation namespace root\Intel_ME to use the LocalSystem account. This account is privileged and the provider may cause a security violation if it does not correctly impersonate user requests.","63","2",,"3","0","0","-9223372036854775808","14898","Microsoft-Windows-WMI","1edeee53-0afe-4609-b846-d8c0b2075b1f","Application","3108","3696","Crow-2","S-1-5-18","1/8/2024 7:47:11 PM",,,"Application","System.UInt32[]","System.Diagnostics.Eventing.Reader.EventBookmark","Warning","Info",,"System.Collections.ObjectModel.ReadOnlyCollection`1[System.String]","System.Collections.Generic.List`1[System.Diagnostics.Eventing.Reader.EventProperty]"
"A provider, IntelMEProv, has been registered in the Windows Management Instrumentation namespace root\Intel_ME to use the LocalSystem account. This account is privileged and the provider may cause a security violation if it does not correctly impersonate user requests.","63","2",,"3","0","0","-9223372036854775808","14885","Microsoft-Windows-WMI","1edeee53-0afe-4609-b846-d8c0b2075b1f","Application","3200","3600","Crow-2","S-1-5-18","1/8/2024 9:47:16 AM",,,"Application","System.UInt32[]","System.Diagnostics.Eventing.Reader.EventBookmark","Warning","Info",,"System.Collections.ObjectModel.ReadOnlyCollection`1[System.String]","System.Collections.Generic.List`1[System.Diagnostics.Eventing.Reader.EventProperty]"
"A provider, IntelMEProv, has been registered in the Windows Management Instrumentation namespace root\Intel_ME to use the LocalSystem account. This account is privileged and the provider may cause a security violation if it does not correctly impersonate user requests.","63","2",,"3","0","0","-9223372036854775808","14884","Microsoft-Windows-WMI","1edeee53-0afe-4609-b846-d8c0b2075b1f","Application","3200","3600","Crow-2","S-1-5-18","1/8/2024 9:47:16 AM",,,"Application","System.UInt32[]","System.Diagnostics.Eventing.Reader.EventBookmark","Warning","Info",,"System.Collections.ObjectModel.ReadOnlyCollection`1[System.String]","System.Collections.Generic.List`1[System.Diagnostics.Eventing.Reader.EventProperty]"
"A provider, IntelMEProv, has been registered in the Windows Management Instrumentation namespace root\Intel_ME to use the LocalSystem account. This account is privileged and the provider may cause a security violation if it does not correctly impersonate user requests.","63","2",,"3","0","0","-9223372036854775808","14883","Microsoft-Windows-WMI","1edeee53-0afe-4609-b846-d8c0b2075b1f","Application","3200","3720","Crow-2","S-1-5-18","1/8/2024 9:47:16 AM",,,"Application","System.UInt32[]","System.Diagnostics.Eventing.Reader.EventBookmark","Warning","Info",,"System.Collections.ObjectModel.ReadOnlyCollection`1[System.String]","System.Collections.Generic.List`1[System.Diagnostics.Eventing.Reader.EventProperty]"
"Scoping unsuccessful for shadowcopy \\?\GLOBALROOT\Device\HarddiskVolumeShadowCopy2 with error 0x80070057.","8303","0",,"3","0","0","-9223372036854775808","14771","Microsoft-Windows-System-Restore","126cdb97-d346-4894-8a34-658da5eea1b6","Application","660","1352","Crow-2","S-1-5-18","1/6/2024 11:05:35 AM",,,"Application","System.UInt32[]","System.Diagnostics.Eventing.Reader.EventBookmark","Warning","Info",,"System.Collections.ObjectModel.ReadOnlyCollection`1[System.String]","System.Collections.Generic.List`1[System.Diagnostics.Eventing.Reader.EventProperty]"
"A provider, DMWmiBridgeProv1, has been registered in the Windows Management Instrumentation namespace root\cimv2\mdm\dmmap to use the LocalSystem account. This account is privileged and the provider may cause a security violation if it does not correctly impersonate user requests.","63","2",,"3","0","0","-9223372036854775808","14579","Microsoft-Windows-WMI","1edeee53-0afe-4609-b846-d8c0b2075b1f","Application","3568","7292","Crow-2","S-1-5-18","1/5/2024 11:35:39 AM",,,"Application","System.UInt32[]","System.Diagnostics.Eventing.Reader.EventBookmark","Warning","Info",,"System.Collections.ObjectModel.ReadOnlyCollection`1[System.String]","System.Collections.Generic.List`1[System.Diagnostics.Eventing.Reader.EventProperty]"
"A provider, DMWmiBridgeProv1, has been registered in the Windows Management Instrumentation namespace root\cimv2\mdm\dmmap to use the LocalSystem account. This account is privileged and the provider may cause a security violation if it does not correctly impersonate user requests.","63","2",,"3","0","0","-9223372036854775808","14578","Microsoft-Windows-WMI","1edeee53-0afe-4609-b846-d8c0b2075b1f","Application","3568","7292","Crow-2","S-1-5-18","1/5/2024 11:35:39 AM",,,"Application","System.UInt32[]","System.Diagnostics.Eventing.Reader.EventBookmark","Warning","Info",,"System.Collections.ObjectModel.ReadOnlyCollection`1[System.String]","System.Collections.Generic.List`1[System.Diagnostics.Eventing.Reader.EventProperty]"
"A provider, DMWmiBridgeProv1, has been registered in the Windows Management Instrumentation namespace root\cimv2\mdm\dmmap to use the LocalSystem account. This account is privileged and the provider may cause a security violation if it does not correctly impersonate user requests.","63","2",,"3","0","0","-9223372036854775808","14577","Microsoft-Windows-WMI","1edeee53-0afe-4609-b846-d8c0b2075b1f","Application","3568","4952","Crow-2","S-1-5-18","1/5/2024 11:35:39 AM",,,"Application","System.UInt32[]","System.Diagnostics.Eventing.Reader.EventBookmark","Warning","Info",,"System.Collections.ObjectModel.ReadOnlyCollection`1[System.String]","System.Collections.Generic.List`1[System.Diagnostics.Eventing.Reader.EventProperty]"
"A provider, DMWmiBridgeProv, has been registered in the Windows Management Instrumentation namespace root\cimv2\mdm\dmmap to use the LocalSystem account. This account is privileged and the provider may cause a security violation if it does not correctly impersonate user requests.","63","2",,"3","0","0","-9223372036854775808","14575","Microsoft-Windows-WMI","1edeee53-0afe-4609-b846-d8c0b2075b1f","Application","3568","5052","Crow-2","S-1-5-18","1/5/2024 11:35:39 AM",,,"Application","System.UInt32[]","System.Diagnostics.Eventing.Reader.EventBookmark","Warning","Info",,"System.Collections.ObjectModel.ReadOnlyCollection`1[System.String]","System.Collections.Generic.List`1[System.Diagnostics.Eventing.Reader.EventProperty]"
"A provider, DMWmiBridgeProv, has been registered in the Windows Management Instrumentation namespace root\cimv2\mdm\dmmap to use the LocalSystem account. This account is privileged and the provider may cause a security violation if it does not correctly impersonate user requests.","63","2",,"3","0","0","-9223372036854775808","14574","Microsoft-Windows-WMI","1edeee53-0afe-4609-b846-d8c0b2075b1f","Application","3568","5052","Crow-2","S-1-5-18","1/5/2024 11:35:39 AM",,,"Application","System.UInt32[]","System.Diagnostics.Eventing.Reader.EventBookmark","Warning","Info",,"System.Collections.ObjectModel.ReadOnlyCollection`1[System.String]","System.Collections.Generic.List`1[System.Diagnostics.Eventing.Reader.EventProperty]"
"A provider, DMWmiBridgeProv, has been registered in the Windows Management Instrumentation namespace root\cimv2\mdm\dmmap to use the LocalSystem account. This account is privileged and the provider may cause a security violation if it does not correctly impersonate user requests.","63","2",,"3","0","0","-9223372036854775808","14573","Microsoft-Windows-WMI","1edeee53-0afe-4609-b846-d8c0b2075b1f","Application","3568","4952","Crow-2","S-1-5-18","1/5/2024 11:35:39 AM",,,"Application","System.UInt32[]","System.Diagnostics.Eventing.Reader.EventBookmark","Warning","Info",,"System.Collections.ObjectModel.ReadOnlyCollection`1[System.String]","System.Collections.Generic.List`1[System.Diagnostics.Eventing.Reader.EventProperty]"
"A provider, IntelMEProv, has been registered in the Windows Management Instrumentation namespace root\Intel_ME to use the LocalSystem account. This account is privileged and the provider may cause a security violation if it does not correctly impersonate user requests.","63","2",,"3","0","0","-9223372036854775808","14569","Microsoft-Windows-WMI","1edeee53-0afe-4609-b846-d8c0b2075b1f","Application","3568","7292","Crow-2","S-1-5-18","1/5/2024 11:35:32 AM",,,"Application","System.UInt32[]","System.Diagnostics.Eventing.Reader.EventBookmark","Warning","Info",,"System.Collections.ObjectModel.ReadOnlyCollection`1[System.String]","System.Collections.Generic.List`1[System.Diagnostics.Eventing.Reader.EventProperty]"
"A provider, IntelMEProv, has been registered in the Windows Management Instrumentation namespace root\Intel_ME to use the LocalSystem account. This account is privileged and the provider may cause a security violation if it does not correctly impersonate user requests.","63","2",,"3","0","0","-9223372036854775808","14568","Microsoft-Windows-WMI","1edeee53-0afe-4609-b846-d8c0b2075b1f","Application","3568","7292","Crow-2","S-1-5-18","1/5/2024 11:35:32 AM",,,"Application","System.UInt32[]","System.Diagnostics.Eventing.Reader.EventBookmark","Warning","Info",,"System.Collections.ObjectModel.ReadOnlyCollection`1[System.String]","System.Collections.Generic.List`1[System.Diagnostics.Eventing.Reader.EventProperty]"
"A provider, IntelMEProv, has been registered in the Windows Management Instrumentation namespace root\Intel_ME to use the LocalSystem account. This account is privileged and the provider may cause a security violation if it does not correctly impersonate user requests.","63","2",,"3","0","0","-9223372036854775808","14567","Microsoft-Windows-WMI","1edeee53-0afe-4609-b846-d8c0b2075b1f","Application","3568","4952","Crow-2","S-1-5-18","1/5/2024 11:35:32 AM",,,"Application","System.UInt32[]","System.Diagnostics.Eventing.Reader.EventBookmark","Warning","Info",,"System.Collections.ObjectModel.ReadOnlyCollection`1[System.String]","System.Collections.Generic.List`1[System.Diagnostics.Eventing.Reader.EventProperty]"
"Scoping unsuccessful for shadowcopy \\?\GLOBALROOT\Device\HarddiskVolumeShadowCopy7 with error 0x80070057.","8303","0",,"3","0","0","-9223372036854775808","14432","Microsoft-Windows-System-Restore","126cdb97-d346-4894-8a34-658da5eea1b6","Application","18012","7536","Crow-2","S-1-5-18","1/4/2024 10:27:28 PM",,,"Application","System.UInt32[]","System.Diagnostics.Eventing.Reader.EventBookmark","Warning","Info",,"System.Collections.ObjectModel.ReadOnlyCollection`1[System.String]","System.Collections.Generic.List`1[System.Diagnostics.Eventing.Reader.EventProperty]"
"Scoping unsuccessful for shadowcopy \\?\GLOBALROOT\Device\HarddiskVolumeShadowCopy7 with error 0x80070057.","8303","0",,"3","0","0","-9223372036854775808","14430","Microsoft-Windows-System-Restore","126cdb97-d346-4894-8a34-658da5eea1b6","Application","12840","5608","Crow-2","S-1-5-18","1/4/2024 10:27:22 PM",,,"Application","System.UInt32[]","System.Diagnostics.Eventing.Reader.EventBookmark","Warning","Info",,"System.Collections.ObjectModel.ReadOnlyCollection`1[System.String]","System.Collections.Generic.List`1[System.Diagnostics.Eventing.Reader.EventProperty]"
"Scoping unsuccessful for shadowcopy \\?\GLOBALROOT\Device\HarddiskVolumeShadowCopy6 with error 0x80070057.","8303","0",,"3","0","0","-9223372036854775808","14428","Microsoft-Windows-System-Restore","126cdb97-d346-4894-8a34-658da5eea1b6","Application","4228","8960","Crow-2","S-1-5-18","1/4/2024 10:27:09 PM",,,"Application","System.UInt32[]","System.Diagnostics.Eventing.Reader.EventBookmark","Warning","Info",,"System.Collections.ObjectModel.ReadOnlyCollection`1[System.String]","System.Collections.Generic.List`1[System.Diagnostics.Eventing.Reader.EventProperty]"
"A provider, IntelMEProv, has been registered in the Windows Management Instrumentation namespace root\Intel_ME to use the LocalSystem account. This account is privileged and the provider may cause a security violation if it does not correctly impersonate user requests.","63","2",,"3","0","0","-9223372036854775808","14106","Microsoft-Windows-WMI","1edeee53-0afe-4609-b846-d8c0b2075b1f","Application","3672","7932","Crow-2","S-1-5-18","12/6/2023 12:03:22 PM",,,"Application","System.UInt32[]","System.Diagnostics.Eventing.Reader.EventBookmark","Warning","Info",,"System.Collections.ObjectModel.ReadOnlyCollection`1[System.String]","System.Collections.Generic.List`1[System.Diagnostics.Eventing.Reader.EventProperty]"
"A provider, IntelMEProv, has been registered in the Windows Management Instrumentation namespace root\Intel_ME to use the LocalSystem account. This account is privileged and the provider may cause a security violation if it does not correctly impersonate user requests.","63","2",,"3","0","0","-9223372036854775808","14105","Microsoft-Windows-WMI","1edeee53-0afe-4609-b846-d8c0b2075b1f","Application","3672","7932","Crow-2","S-1-5-18","12/6/2023 12:03:22 PM",,,"Application","System.UInt32[]","System.Diagnostics.Eventing.Reader.EventBookmark","Warning","Info",,"System.Collections.ObjectModel.ReadOnlyCollection`1[System.String]","System.Collections.Generic.List`1[System.Diagnostics.Eventing.Reader.EventProperty]"
"A provider, IntelMEProv, has been registered in the Windows Management Instrumentation namespace root\Intel_ME to use the LocalSystem account. This account is privileged and the provider may cause a security violation if it does not correctly impersonate user requests.","63","2",,"3","0","0","-9223372036854775808","14104","Microsoft-Windows-WMI","1edeee53-0afe-4609-b846-d8c0b2075b1f","Application","3672","5152","Crow-2","S-1-5-18","12/6/2023 12:03:22 PM",,,"Application","System.UInt32[]","System.Diagnostics.Eventing.Reader.EventBookmark","Warning","Info",,"System.Collections.ObjectModel.ReadOnlyCollection`1[System.String]","System.Collections.Generic.List`1[System.Diagnostics.Eventing.Reader.EventProperty]"
"Application 'C:\Program Files\WindowsApps\MicrosoftWindows.Client.WebExperience_423.30700.0.0_x64__cw5n1h2txyewy\Dashboard\Widgets.exe' (pid 18932) cannot be restarted - Application SID does not match Conductor SID..","10010","0",,"3","0","0","-9223372036854775808","13934","Microsoft-Windows-RestartManager","0888e5ef-9b98-4695-979d-e92ce4247224","Application","26992","26872","Crow-2","S-1-5-18","12/2/2023 1:01:09 AM",,,"Application","System.UInt32[]","System.Diagnostics.Eventing.Reader.EventBookmark","Warning","Info",,"System.Collections.ObjectModel.ReadOnlyCollection`1[System.String]","System.Collections.Generic.List`1[System.Diagnostics.Eventing.Reader.EventProperty]"
"Application 'C:\Program Files\WindowsApps\MicrosoftWindows.Client.WebExperience_423.30700.0.0_x64__cw5n1h2txyewy\Dashboard\Widgets.exe' (pid 18932) cannot be restarted - Application SID does not match Conductor SID..","10010","0",,"3","0","0","-9223372036854775808","13930","Microsoft-Windows-RestartManager","0888e5ef-9b98-4695-979d-e92ce4247224","Application","26992","26872","Crow-2","S-1-5-18","12/2/2023 12:56:09 AM",,,"Application","System.UInt32[]","System.Diagnostics.Eventing.Reader.EventBookmark","Warning","Info",,"System.Collections.ObjectModel.ReadOnlyCollection`1[System.String]","System.Collections.Generic.List`1[System.Diagnostics.Eventing.Reader.EventProperty]"
"Application 'C:\Program Files\WindowsApps\MicrosoftWindows.Client.WebExperience_423.30700.0.0_x64__cw5n1h2txyewy\Dashboard\Widgets.exe' (pid 18932) cannot be restarted - Application SID does not match Conductor SID..","10010","0",,"3","0","0","-9223372036854775808","13925","Microsoft-Windows-RestartManager","0888e5ef-9b98-4695-979d-e92ce4247224","Application","26992","26872","Crow-2","S-1-5-18","12/2/2023 12:51:09 AM",,,"Application","System.UInt32[]","System.Diagnostics.Eventing.Reader.EventBookmark","Warning","Info",,"System.Collections.ObjectModel.ReadOnlyCollection`1[System.String]","System.Collections.Generic.List`1[System.Diagnostics.Eventing.Reader.EventProperty]"
"A provider, IntelMEProv, has been registered in the Windows Management Instrumentation namespace root\Intel_ME to use the LocalSystem account. This account is privileged and the provider may cause a security violation if it does not correctly impersonate user requests.","63","2",,"3","0","0","-9223372036854775808","13083","Microsoft-Windows-WMI","1edeee53-0afe-4609-b846-d8c0b2075b1f","Application","4044","4648","Crow-2","S-1-5-18","11/25/2023 8:15:39 PM",,,"Application","System.UInt32[]","System.Diagnostics.Eventing.Reader.EventBookmark","Warning","Info",,"System.Collections.ObjectModel.ReadOnlyCollection`1[System.String]","System.Collections.Generic.List`1[System.Diagnostics.Eventing.Reader.EventProperty]"
"A provider, IntelMEProv, has been registered in the Windows Management Instrumentation namespace root\Intel_ME to use the LocalSystem account. This account is privileged and the provider may cause a security violation if it does not correctly impersonate user requests.","63","2",,"3","0","0","-9223372036854775808","13082","Microsoft-Windows-WMI","1edeee53-0afe-4609-b846-d8c0b2075b1f","Application","4044","4648","Crow-2","S-1-5-18","11/25/2023 8:15:39 PM",,,"Application","System.UInt32[]","System.Diagnostics.Eventing.Reader.EventBookmark","Warning","Info",,"System.Collections.ObjectModel.ReadOnlyCollection`1[System.String]","System.Collections.Generic.List`1[System.Diagnostics.Eventing.Reader.EventProperty]"
"A provider, IntelMEProv, has been registered in the Windows Management Instrumentation namespace root\Intel_ME to use the LocalSystem account. This account is privileged and the provider may cause a security violation if it does not correctly impersonate user requests.","63","2",,"3","0","0","-9223372036854775808","13081","Microsoft-Windows-WMI","1edeee53-0afe-4609-b846-d8c0b2075b1f","Application","4044","4572","Crow-2","S-1-5-18","11/25/2023 8:15:39 PM",,,"Application","System.UInt32[]","System.Diagnostics.Eventing.Reader.EventBookmark","Warning","Info",,"System.Collections.ObjectModel.ReadOnlyCollection`1[System.String]","System.Collections.Generic.List`1[System.Diagnostics.Eventing.Reader.EventProperty]"
"Scoping unsuccessful for shadowcopy \\?\GLOBALROOT\Device\HarddiskVolumeShadowCopy2 with error 0x80070057.","8303","0",,"3","0","0","-9223372036854775808","12293","Microsoft-Windows-System-Restore","126cdb97-d346-4894-8a34-658da5eea1b6","Application","12756","11100","Crow-2","S-1-5-18","11/15/2023 11:07:32 PM",,,"Application","System.UInt32[]","System.Diagnostics.Eventing.Reader.EventBookmark","Warning","Info",,"System.Collections.ObjectModel.ReadOnlyCollection`1[System.String]","System.Collections.Generic.List`1[System.Diagnostics.Eventing.Reader.EventProperty]"
"taskhostw (15912,D,0) WebCacheLocal: A request to write to the file ""C:\Users\crowj\AppData\Local\Microsoft\Windows\WebCache\V01.log"" at offset 421888 (0x0000000000067000) for 4096 (0x00001000) bytes succeeded, but took an abnormally long time (25 seconds) to be serviced by the OS. This problem is likely due to faulty hardware. Please contact your hardware vendor for further assistance diagnosing the problem.","508","0","0","3","7","0","36028797018963968","12260","ESENT",,"Application","15912","0","Crow-2",,"11/15/2023 3:06:11 PM",,,"Application","System.UInt32[]","System.Diagnostics.Eventing.Reader.EventBookmark","Warning","Info","Performance","System.Collections.ObjectModel.ReadOnlyCollection`1[System.String]","System.Collections.Generic.List`1[System.Diagnostics.Eventing.Reader.EventProperty]"
"A provider, IntelMEProv, has been registered in the Windows Management Instrumentation namespace root\Intel_ME to use the LocalSystem account. This account is privileged and the provider may cause a security violation if it does not correctly impersonate user requests.","63","2",,"3","0","0","-9223372036854775808","12171","Microsoft-Windows-WMI","1edeee53-0afe-4609-b846-d8c0b2075b1f","Application","2996","3944","Crow-2","S-1-5-18","11/14/2023 6:16:06 PM",,,"Application","System.UInt32[]","System.Diagnostics.Eventing.Reader.EventBookmark","Warning","Info",,"System.Collections.ObjectModel.ReadOnlyCollection`1[System.String]","System.Collections.Generic.List`1[System.Diagnostics.Eventing.Reader.EventProperty]"
"A provider, IntelMEProv, has been registered in the Windows Management Instrumentation namespace root\Intel_ME to use the LocalSystem account. This account is privileged and the provider may cause a security violation if it does not correctly impersonate user requests.","63","2",,"3","0","0","-9223372036854775808","12170","Microsoft-Windows-WMI","1edeee53-0afe-4609-b846-d8c0b2075b1f","Application","2996","3944","Crow-2","S-1-5-18","11/14/2023 6:16:06 PM",,,"Application","System.UInt32[]","System.Diagnostics.Eventing.Reader.EventBookmark","Warning","Info",,"System.Collections.ObjectModel.ReadOnlyCollection`1[System.String]","System.Collections.Generic.List`1[System.Diagnostics.Eventing.Reader.EventProperty]"
"A provider, IntelMEProv, has been registered in the Windows Management Instrumentation namespace root\Intel_ME to use the LocalSystem account. This account is privileged and the provider may cause a security violation if it does not correctly impersonate user requests.","63","2",,"3","0","0","-9223372036854775808","12169","Microsoft-Windows-WMI","1edeee53-0afe-4609-b846-d8c0b2075b1f","Application","2996","3632","Crow-2","S-1-5-18","11/14/2023 6:16:06 PM",,,"Application","System.UInt32[]","System.Diagnostics.Eventing.Reader.EventBookmark","Warning","Info",,"System.Collections.ObjectModel.ReadOnlyCollection`1[System.String]","System.Collections.Generic.List`1[System.Diagnostics.Eventing.Reader.EventProperty]"
"The winlogon notification subscriber <TrustedInstaller> failed a critical notification event.","6004","0","32768","3","0","0","36028797018963968","12151","Microsoft-Windows-Winlogon","dbe9b383-7cf3-4331-91cc-a3cb16a3b538","Application","1792","0","Crow-2",,"11/14/2023 6:15:33 PM",,,"Application","System.UInt32[]","System.Diagnostics.Eventing.Reader.EventBookmark","Warning",,,"System.Collections.ObjectModel.ReadOnlyCollection`1[System.String]","System.Collections.Generic.List`1[System.Diagnostics.Eventing.Reader.EventProperty]"
"The winlogon notification subscriber <TrustedInstaller> took 63 second(s) to handle the notification event (CreateSession).","6006","0","32768","3","0","0","36028797018963968","12150","Microsoft-Windows-Winlogon","dbe9b383-7cf3-4331-91cc-a3cb16a3b538","Application","1792","0","Crow-2",,"11/14/2023 6:15:32 PM",,,"Application","System.UInt32[]","System.Diagnostics.Eventing.Reader.EventBookmark","Warning",,,"System.Collections.ObjectModel.ReadOnlyCollection`1[System.String]","System.Collections.Generic.List`1[System.Diagnostics.Eventing.Reader.EventProperty]"
"The winlogon notification subscriber <TrustedInstaller> is taking long time to handle the notification event (CreateSession).","6005","0","32768","3","0","0","36028797018963968","12148","Microsoft-Windows-Winlogon","dbe9b383-7cf3-4331-91cc-a3cb16a3b538","Application","1792","0","Crow-2",,"11/14/2023 6:15:29 PM",,,"Application","System.UInt32[]","System.Diagnostics.Eventing.Reader.EventBookmark","Warning",,,"System.Collections.ObjectModel.ReadOnlyCollection`1[System.String]","System.Collections.Generic.List`1[System.Diagnostics.Eventing.Reader.EventProperty]"
"A provider, IntelMEProv, has been registered in the Windows Management Instrumentation namespace root\Intel_ME to use the LocalSystem account. This account is privileged and the provider may cause a security violation if it does not correctly impersonate user requests.","63","2",,"3","0","0","-9223372036854775808","11973","Microsoft-Windows-WMI","1edeee53-0afe-4609-b846-d8c0b2075b1f","Application","3416","4348","Crow-2","S-1-5-18","11/14/2023 6:12:58 PM",,,"Application","System.UInt32[]","System.Diagnostics.Eventing.Reader.EventBookmark","Warning","Info",,"System.Collections.ObjectModel.ReadOnlyCollection`1[System.String]","System.Collections.Generic.List`1[System.Diagnostics.Eventing.Reader.EventProperty]"
"A provider, IntelMEProv, has been registered in the Windows Management Instrumentation namespace root\Intel_ME to use the LocalSystem account. This account is privileged and the provider may cause a security violation if it does not correctly impersonate user requests.","63","2",,"3","0","0","-9223372036854775808","11972","Microsoft-Windows-WMI","1edeee53-0afe-4609-b846-d8c0b2075b1f","Application","3416","6800","Crow-2","S-1-5-18","11/14/2023 6:12:58 PM",,,"Application","System.UInt32[]","System.Diagnostics.Eventing.Reader.EventBookmark","Warning","Info",,"System.Collections.ObjectModel.ReadOnlyCollection`1[System.String]","System.Collections.Generic.List`1[System.Diagnostics.Eventing.Reader.EventProperty]"
"A provider, IntelMEProv, has been registered in the Windows Management Instrumentation namespace root\Intel_ME to use the LocalSystem account. This account is privileged and the provider may cause a security violation if it does not correctly impersonate user requests.","63","2",,"3","0","0","-9223372036854775808","11971","Microsoft-Windows-WMI","1edeee53-0afe-4609-b846-d8c0b2075b1f","Application","3416","4148","Crow-2","S-1-5-18","11/14/2023 6:12:58 PM",,,"Application","System.UInt32[]","System.Diagnostics.Eventing.Reader.EventBookmark","Warning","Info",,"System.Collections.ObjectModel.ReadOnlyCollection`1[System.String]","System.Collections.Generic.List`1[System.Diagnostics.Eventing.Reader.EventProperty]"
"Application 'C:\Program Files\WindowsApps\AD2F1837.OMENCommandCenter_1101.2311.1.0_x64__v10z8vjag6ke6\OmenCommandCenterApp\OmenCommandCenterBackground.exe' (pid 14932) cannot be restarted - Application SID does not match Conductor SID..","10010","0",,"3","0","0","-9223372036854775808","11931","Microsoft-Windows-RestartManager","0888e5ef-9b98-4695-979d-e92ce4247224","Application","13724","20416","Crow-2","S-1-5-18","11/14/2023 5:25:29 PM",,,"Application","System.UInt32[]","System.Diagnostics.Eventing.Reader.EventBookmark","Warning","Info",,"System.Collections.ObjectModel.ReadOnlyCollection`1[System.String]","System.Collections.Generic.List`1[System.Diagnostics.Eventing.Reader.EventProperty]"
"Scoping unsuccessful for shadowcopy \\?\GLOBALROOT\Device\HarddiskVolumeShadowCopy10 with error 0x80070057.","8303","0",,"3","0","0","-9223372036854775808","11779","Microsoft-Windows-System-Restore","126cdb97-d346-4894-8a34-658da5eea1b6","Application","1168","11128","Crow-2","S-1-5-18","11/12/2023 7:11:33 PM",,,"Application","System.UInt32[]","System.Diagnostics.Eventing.Reader.EventBookmark","Warning","Info",,"System.Collections.ObjectModel.ReadOnlyCollection`1[System.String]","System.Collections.Generic.List`1[System.Diagnostics.Eventing.Reader.EventProperty]"
"Scoping unsuccessful for shadowcopy \\?\GLOBALROOT\Device\HarddiskVolumeShadowCopy10 with error 0x80070057.","8303","0",,"3","0","0","-9223372036854775808","11717","Microsoft-Windows-System-Restore","126cdb97-d346-4894-8a34-658da5eea1b6","Application","1808","3116","Crow-2","S-1-5-18","11/12/2023 11:43:17 AM",,,"Application","System.UInt32[]","System.Diagnostics.Eventing.Reader.EventBookmark","Warning","Info",,"System.Collections.ObjectModel.ReadOnlyCollection`1[System.String]","System.Collections.Generic.List`1[System.Diagnostics.Eventing.Reader.EventProperty]"
"Scoping unsuccessful for shadowcopy \\?\GLOBALROOT\Device\HarddiskVolumeShadowCopy10 with error 0x80070057.","8303","0",,"3","0","0","-9223372036854775808","11714","Microsoft-Windows-System-Restore","126cdb97-d346-4894-8a34-658da5eea1b6","Application","20236","13580","Crow-2","S-1-5-18","11/12/2023 11:43:08 AM",,,"Application","System.UInt32[]","System.Diagnostics.Eventing.Reader.EventBookmark","Warning","Info",,"System.Collections.ObjectModel.ReadOnlyCollection`1[System.String]","System.Collections.Generic.List`1[System.Diagnostics.Eventing.Reader.EventProperty]"
"Scoping unsuccessful for shadowcopy \\?\GLOBALROOT\Device\HarddiskVolumeShadowCopy7 with error 0x80070057.","8303","0",,"3","0","0","-9223372036854775808","10784","Microsoft-Windows-System-Restore","126cdb97-d346-4894-8a34-658da5eea1b6","Application","10988","7340","Crow-2","S-1-5-18","11/1/2023 1:26:42 PM",,,"Application","System.UInt32[]","System.Diagnostics.Eventing.Reader.EventBookmark","Warning","Info",,"System.Collections.ObjectModel.ReadOnlyCollection`1[System.String]","System.Collections.Generic.List`1[System.Diagnostics.Eventing.Reader.EventProperty]"
"A provider, IntelMEProv, has been registered in the Windows Management Instrumentation namespace root\Intel_ME to use the LocalSystem account. This account is privileged and the provider may cause a security violation if it does not correctly impersonate user requests.","63","2",,"3","0","0","-9223372036854775808","9491","Microsoft-Windows-WMI","1edeee53-0afe-4609-b846-d8c0b2075b1f","Application","3040","3212","Crow-2","S-1-5-18","10/17/2023 5:30:19 PM",,,"Application","System.UInt32[]","System.Diagnostics.Eventing.Reader.EventBookmark","Warning","Info",,"System.Collections.ObjectModel.ReadOnlyCollection`1[System.String]","System.Collections.Generic.List`1[System.Diagnostics.Eventing.Reader.EventProperty]"
"A provider, IntelMEProv, has been registered in the Windows Management Instrumentation namespace root\Intel_ME to use the LocalSystem account. This account is privileged and the provider may cause a security violation if it does not correctly impersonate user requests.","63","2",,"3","0","0","-9223372036854775808","9490","Microsoft-Windows-WMI","1edeee53-0afe-4609-b846-d8c0b2075b1f","Application","3040","3212","Crow-2","S-1-5-18","10/17/2023 5:30:19 PM",,,"Application","System.UInt32[]","System.Diagnostics.Eventing.Reader.EventBookmark","Warning","Info",,"System.Collections.ObjectModel.ReadOnlyCollection`1[System.String]","System.Collections.Generic.List`1[System.Diagnostics.Eventing.Reader.EventProperty]"
"A provider, IntelMEProv, has been registered in the Windows Management Instrumentation namespace root\Intel_ME to use the LocalSystem account. This account is privileged and the provider may cause a security violation if it does not correctly impersonate user requests.","63","2",,"3","0","0","-9223372036854775808","9489","Microsoft-Windows-WMI","1edeee53-0afe-4609-b846-d8c0b2075b1f","Application","3040","3684","Crow-2","S-1-5-18","10/17/2023 5:30:19 PM",,,"Application","System.UInt32[]","System.Diagnostics.Eventing.Reader.EventBookmark","Warning","Info",,"System.Collections.ObjectModel.ReadOnlyCollection`1[System.String]","System.Collections.Generic.List`1[System.Diagnostics.Eventing.Reader.EventProperty]"
"A provider, IntelMEProv, has been registered in the Windows Management Instrumentation namespace root\Intel_ME to use the LocalSystem account. This account is privileged and the provider may cause a security violation if it does not correctly impersonate user requests.","63","2",,"3","0","0","-9223372036854775808","9476","Microsoft-Windows-WMI","1edeee53-0afe-4609-b846-d8c0b2075b1f","Application","3920","4496","Crow-2","S-1-5-18","10/17/2023 1:24:50 AM",,,"Application","System.UInt32[]","System.Diagnostics.Eventing.Reader.EventBookmark","Warning","Info",,"System.Collections.ObjectModel.ReadOnlyCollection`1[System.String]","System.Collections.Generic.List`1[System.Diagnostics.Eventing.Reader.EventProperty]"
