"The Open procedure for service ""ESENT"" in DLL ""C:\windows\system32\esentprf.dll"" failed with error code Access is denied.. Performance data for this service will not be available.","1008","1",,"3","0","0","-9223372036854775808","7433","Microsoft-Windows-Perflib","13b197bd-7cee-4b4e-8dd0-59314ce374ce","Application","14224","13764","Crow-2","S-1-5-21-2575685057-3981701006-2922909388-1001","9/24/2023 10:56:00 PM",,,"Application","System.UInt32[]","System.Diagnostics.Eventing.Reader.EventBookmark","Warning","Info",,"System.Collections.ObjectModel.ReadOnlyCollection`1[System.String]","System.Collections.Generic.List`1[System.Diagnostics.Eventing.Reader.EventProperty]"
"The Open procedure for service ""WmiApRpl"" in DLL ""C:\windows\system32\wbem\wmiaprpl.dll"" failed with error code The device is not ready.. Performance data for this service will not be available.","1008","1",,"3","0","0","-9223372036854775808","7329","Microsoft-Windows-Perflib","13b197bd-7cee-4b4e-8dd0-59314ce374ce","Application","13912","9672","Crow-2","S-1-5-21-2575685057-3981701006-2922909388-1001","9/24/2023 10:19:24 AM",,,"Application","System.UInt32[]","System.Diagnostics.Eventing.Reader.EventBookmark","Warning","Info",,"System.Collections.ObjectModel.ReadOnlyCollection`1[System.String]","System.Collections.Generic.List`1[System.Diagnostics.Eventing.Reader.EventProperty]"
"The Open procedure for service ""MSDTC"" in DLL ""C:\windows\system32\msdtcuiu.DLL"" failed with error code The system cannot find the file specified.. Performance data for this service will not be available.","1008","1",,"3","0","0","-9223372036854775808","7328","Microsoft-Windows-Perflib","13b197bd-7cee-4b4e-8dd0-59314ce374ce","Application","13912","9672","Crow-2","S-1-5-21-2575685057-3981701006-2922909388-1001","9/24/2023 10:19:24 AM",,,"Application","System.UInt32[]","System.Diagnostics.Eventing.Reader.EventBookmark","Warning","Info",,"System.Collections.ObjectModel.ReadOnlyCollection`1[System.String]","System.Collections.Generic.List`1[System.Diagnostics.Eventing.Reader.EventProperty]"
"The Open procedure for service ""ESENT"" in DLL ""C:\windows\system32\esentprf.dll"" failed with error code Access is denied.. Performance data for this service will not be available.","1008","1",,"3","0","0","-9223372036854775808","7327","Microsoft-Windows-Perflib","13b197bd-7cee-4b4e-8dd0-59314ce374ce","Application","13912","9672","Crow-2","S-1-5-21-2575685057-3981701006-2922909388-1001","9/24/2023 10:19:24 AM",,,"Application","System.UInt32[]","System.Diagnostics.Eventing.Reader.EventBookmark","Warning","Info",,"System.Collections.ObjectModel.ReadOnlyCollection`1[System.String]","System.Collections.Generic.List`1[System.Diagnostics.Eventing.Reader.EventProperty]"
"The Open procedure for service ""WmiApRpl"" in DLL ""C:\windows\system32\wbem\wmiaprpl.dll"" failed with error code The device is not ready.. Performance data for this service will not be available.","1008","1",,"3","0","0","-9223372036854775808","7243","Microsoft-Windows-Perflib","13b197bd-7cee-4b4e-8dd0-59314ce374ce","Application","17828","1636","Crow-2","S-1-5-21-2575685057-3981701006-2922909388-1001","9/22/2023 5:12:06 PM",,,"Application","System.UInt32[]","System.Diagnostics.Eventing.Reader.EventBookmark","Warning","Info",,"System.Collections.ObjectModel.ReadOnlyCollection`1[System.String]","System.Collections.Generic.List`1[System.Diagnostics.Eventing.Reader.EventProperty]"
"The Open procedure for service ""MSDTC"" in DLL ""C:\windows\system32\msdtcuiu.DLL"" failed with error code The system cannot find the file specified.. Performance data for this service will not be available.","1008","1",,"3","0","0","-9223372036854775808","7242","Microsoft-Windows-Perflib","13b197bd-7cee-4b4e-8dd0-59314ce374ce","Application","17828","1636","Crow-2","S-1-5-21-2575685057-3981701006-2922909388-1001","9/22/2023 5:12:06 PM",,,"Application","System.UInt32[]","System.Diagnostics.Eventing.Reader.EventBookmark","Warning","Info",,"System.Collections.ObjectModel.ReadOnlyCollection`1[System.String]","System.Collections.Generic.List`1[System.Diagnostics.Eventing.Reader.EventProperty]"
"The Open procedure for service ""ESENT"" in DLL ""C:\windows\system32\esentprf.dll"" failed with error code Access is denied.. Performance data for this service will not be available.","1008","1",,"3","0","0","-9223372036854775808","7241","Microsoft-Windows-Perflib","13b197bd-7cee-4b4e-8dd0-59314ce374ce","Application","17828","1636","Crow-2","S-1-5-21-2575685057-3981701006-2922909388-1001","9/22/2023 5:12:06 PM",,,"Application","System.UInt32[]","System.Diagnostics.Eventing.Reader.EventBookmark","Warning","Info",,"System.Collections.ObjectModel.ReadOnlyCollection`1[System.String]","System.Collections.Generic.List`1[System.Diagnostics.Eventing.Reader.EventProperty]"
"The COM+ Event System timed out attempting to fire the DisplayLock method on event class {D5978630-5B9F-11D1-8DD2-00AA004ABD5E} for publisher  and subscriber .  The subscriber failed to respond within 180 seconds. The display name of the subscription is ""SENS Display Events"". The HRESULT was 800705b4.","4627","0","32768","3","18","0","36028797018963968","7123","Microsoft-Windows-EventSystem","899daace-4868-4295-afcd-9eb8fb497561","Application","4060","0","Crow-2",,"9/21/2023 12:32:18 AM",,,"Application","System.UInt32[]","System.Diagnostics.Eventing.Reader.EventBookmark","Warning",,"Firing Agent","System.Collections.ObjectModel.ReadOnlyCollection`1[System.String]","System.Collections.Generic.List`1[System.Diagnostics.Eventing.Reader.EventProperty]"
"The COM+ Event System timed out attempting to fire the DisplayLock method on event class {D5978630-5B9F-11D1-8DD2-00AA004ABD5E} for publisher  and subscriber .  The subscriber failed to respond within 180 seconds. The display name of the subscription is ""SENS Display Events"". The HRESULT was 800705b4.","4627","0","32768","3","18","0","36028797018963968","7113","Microsoft-Windows-EventSystem","899daace-4868-4295-afcd-9eb8fb497561","Application","4060","0","Crow-2",,"9/20/2023 10:18:00 PM",,,"Application","System.UInt32[]","System.Diagnostics.Eventing.Reader.EventBookmark","Warning",,"Firing Agent","System.Collections.ObjectModel.ReadOnlyCollection`1[System.String]","System.Collections.Generic.List`1[System.Diagnostics.Eventing.Reader.EventProperty]"
"The COM+ Event System timed out attempting to fire the DisplayLock method on event class {D5978630-5B9F-11D1-8DD2-00AA004ABD5E} for publisher  and subscriber .  The subscriber failed to respond within 180 seconds. The display name of the subscription is ""SENS Display Events"". The HRESULT was 800705b4.","4627","0","32768","3","18","0","36028797018963968","7068","Microsoft-Windows-EventSystem","899daace-4868-4295-afcd-9eb8fb497561","Application","4060","0","Crow-2",,"9/20/2023 1:57:37 PM",,,"Application","System.UInt32[]","System.Diagnostics.Eventing.Reader.EventBookmark","Warning",,"Firing Agent","System.Collections.ObjectModel.ReadOnlyCollection`1[System.String]","System.Collections.Generic.List`1[System.Diagnostics.Eventing.Reader.EventProperty]"
"The COM+ Event System timed out attempting to fire the DisplayLock method on event class {D5978630-5B9F-11D1-8DD2-00AA004ABD5E} for publisher  and subscriber .  The subscriber failed to respond within 180 seconds. The display name of the subscription is ""SENS Display Events"". The HRESULT was 800705b4.","4627","0","32768","3","18","0","36028797018963968","7059","Microsoft-Windows-EventSystem","899daace-4868-4295-afcd-9eb8fb497561","Application","4060","0","Crow-2",,"9/20/2023 11:52:47 AM",,,"Application","System.UInt32[]","System.Diagnostics.Eventing.Reader.EventBookmark","Warning",,"Firing Agent","System.Collections.ObjectModel.ReadOnlyCollection`1[System.String]","System.Collections.Generic.List`1[System.Diagnostics.Eventing.Reader.EventProperty]"
"The COM+ Event System timed out attempting to fire the DisplayLock method on event class {D5978630-5B9F-11D1-8DD2-00AA004ABD5E} for publisher  and subscriber .  The subscriber failed to respond within 180 seconds. The display name of the subscription is ""SENS Display Events"". The HRESULT was 800705b4.","4627","0","32768","3","18","0","36028797018963968","7056","Microsoft-Windows-EventSystem","899daace-4868-4295-afcd-9eb8fb497561","Application","4060","0","Crow-2",,"9/20/2023 10:52:43 AM",,,"Application","System.UInt32[]","System.Diagnostics.Eventing.Reader.EventBookmark","Warning",,"Firing Agent","System.Collections.ObjectModel.ReadOnlyCollection`1[System.String]","System.Collections.Generic.List`1[System.Diagnostics.Eventing.Reader.EventProperty]"
"Scoping unsuccessful for shadowcopy \\?\GLOBALROOT\Device\HarddiskVolumeShadowCopy5 with error 0x80070057.","8303","0",,"3","0","0","-9223372036854775808","7038","Microsoft-Windows-System-Restore","126cdb97-d346-4894-8a34-658da5eea1b6","Application","14748","1256","Crow-2","S-1-5-18","9/20/2023 9:54:16 AM",,,"Application","System.UInt32[]","System.Diagnostics.Eventing.Reader.EventBookmark","Warning","Info",,"System.Collections.ObjectModel.ReadOnlyCollection`1[System.String]","System.Collections.Generic.List`1[System.Diagnostics.Eventing.Reader.EventProperty]"
"The Open procedure for service ""WmiApRpl"" in DLL ""C:\windows\system32\wbem\wmiaprpl.dll"" failed with error code The device is not ready.. Performance data for this service will not be available.","1008","1",,"3","0","0","-9223372036854775808","7011","Microsoft-Windows-Perflib","13b197bd-7cee-4b4e-8dd0-59314ce374ce","Application","13276","16648","Crow-2","S-1-5-21-2575685057-3981701006-2922909388-1001","9/20/2023 9:35:02 AM",,,"Application","System.UInt32[]","System.Diagnostics.Eventing.Reader.EventBookmark","Warning","Info",,"System.Collections.ObjectModel.ReadOnlyCollection`1[System.String]","System.Collections.Generic.List`1[System.Diagnostics.Eventing.Reader.EventProperty]"
"The Open procedure for service ""MSDTC"" in DLL ""C:\windows\system32\msdtcuiu.DLL"" failed with error code The system cannot find the file specified.. Performance data for this service will not be available.","1008","1",,"3","0","0","-9223372036854775808","7010","Microsoft-Windows-Perflib","13b197bd-7cee-4b4e-8dd0-59314ce374ce","Application","13276","16648","Crow-2","S-1-5-21-2575685057-3981701006-2922909388-1001","9/20/2023 9:35:02 AM",,,"Application","System.UInt32[]","System.Diagnostics.Eventing.Reader.EventBookmark","Warning","Info",,"System.Collections.ObjectModel.ReadOnlyCollection`1[System.String]","System.Collections.Generic.List`1[System.Diagnostics.Eventing.Reader.EventProperty]"
"The Open procedure for service ""ESENT"" in DLL ""C:\windows\system32\esentprf.dll"" failed with error code Access is denied.. Performance data for this service will not be available.","1008","1",,"3","0","0","-9223372036854775808","7009","Microsoft-Windows-Perflib","13b197bd-7cee-4b4e-8dd0-59314ce374ce","Application","13276","16648","Crow-2","S-1-5-21-2575685057-3981701006-2922909388-1001","9/20/2023 9:35:02 AM",,,"Application","System.UInt32[]","System.Diagnostics.Eventing.Reader.EventBookmark","Warning","Info",,"System.Collections.ObjectModel.ReadOnlyCollection`1[System.String]","System.Collections.Generic.List`1[System.Diagnostics.Eventing.Reader.EventProperty]"
"The Open procedure for service ""WmiApRpl"" in DLL ""C:\windows\system32\wbem\wmiaprpl.dll"" failed with error code The device is not ready.. Performance data for this service will not be available.","1008","1",,"3","0","0","-9223372036854775808","6975","Microsoft-Windows-Perflib","13b197bd-7cee-4b4e-8dd0-59314ce374ce","Application","10564","12668","Crow-2","S-1-5-21-2575685057-3981701006-2922909388-1001","9/17/2023 11:36:32 PM",,,"Application","System.UInt32[]","System.Diagnostics.Eventing.Reader.EventBookmark","Warning","Info",,"System.Collections.ObjectModel.ReadOnlyCollection`1[System.String]","System.Collections.Generic.List`1[System.Diagnostics.Eventing.Reader.EventProperty]"
"The Open procedure for service ""MSDTC"" in DLL ""C:\windows\system32\msdtcuiu.DLL"" failed with error code The system cannot find the file specified.. Performance data for this service will not be available.","1008","1",,"3","0","0","-9223372036854775808","6974","Microsoft-Windows-Perflib","13b197bd-7cee-4b4e-8dd0-59314ce374ce","Application","10564","12668","Crow-2","S-1-5-21-2575685057-3981701006-2922909388-1001","9/17/2023 11:36:32 PM",,,"Application","System.UInt32[]","System.Diagnostics.Eventing.Reader.EventBookmark","Warning","Info",,"System.Collections.ObjectModel.ReadOnlyCollection`1[System.String]","System.Collections.Generic.List`1[System.Diagnostics.Eventing.Reader.EventProperty]"
"The Open procedure for service ""ESENT"" in DLL ""C:\windows\system32\esentprf.dll"" failed with error code Access is denied.. Performance data for this service will not be available.","1008","1",,"3","0","0","-9223372036854775808","6973","Microsoft-Windows-Perflib","13b197bd-7cee-4b4e-8dd0-59314ce374ce","Application","10564","12668","Crow-2","S-1-5-21-2575685057-3981701006-2922909388-1001","9/17/2023 11:36:32 PM",,,"Application","System.UInt32[]","System.Diagnostics.Eventing.Reader.EventBookmark","Warning","Info",,"System.Collections.ObjectModel.ReadOnlyCollection`1[System.String]","System.Collections.Generic.List`1[System.Diagnostics.Eventing.Reader.EventProperty]"
"A provider, IntelMEProv, has been registered in the Windows Management Instrumentation namespace root\Intel_ME to use the LocalSystem account. This account is privileged and the provider may cause a security violation if it does not correctly impersonate user requests.","63","2",,"3","0","0","-9223372036854775808","6960","Microsoft-Windows-WMI","1edeee53-0afe-4609-b846-d8c0b2075b1f","Application","2392","3744","Crow-2","S-1-5-18","9/17/2023 11:34:53 PM",,,"Application","System.UInt32[]","System.Diagnostics.Eventing.Reader.EventBookmark","Warning","Info",,"System.Collections.ObjectModel.ReadOnlyCollection`1[System.String]","System.Collections.Generic.List`1[System.Diagnostics.Eventing.Reader.EventProperty]"
"A provider, IntelMEProv, has been registered in the Windows Management Instrumentation namespace root\Intel_ME to use the LocalSystem account. This account is privileged and the provider may cause a security violation if it does not correctly impersonate user requests.","63","2",,"3","0","0","-9223372036854775808","6959","Microsoft-Windows-WMI","1edeee53-0afe-4609-b846-d8c0b2075b1f","Application","2392","3588","Crow-2","S-1-5-18","9/17/2023 11:34:53 PM",,,"Application","System.UInt32[]","System.Diagnostics.Eventing.Reader.EventBookmark","Warning","Info",,"System.Collections.ObjectModel.ReadOnlyCollection`1[System.String]","System.Collections.Generic.List`1[System.Diagnostics.Eventing.Reader.EventProperty]"
"A provider, IntelMEProv, has been registered in the Windows Management Instrumentation namespace root\Intel_ME to use the LocalSystem account. This account is privileged and the provider may cause a security violation if it does not correctly impersonate user requests.","63","2",,"3","0","0","-9223372036854775808","6958","Microsoft-Windows-WMI","1edeee53-0afe-4609-b846-d8c0b2075b1f","Application","2392","3664","Crow-2","S-1-5-18","9/17/2023 11:34:53 PM",,,"Application","System.UInt32[]","System.Diagnostics.Eventing.Reader.EventBookmark","Warning","Info",,"System.Collections.ObjectModel.ReadOnlyCollection`1[System.String]","System.Collections.Generic.List`1[System.Diagnostics.Eventing.Reader.EventProperty]"
"The COM+ Event System timed out attempting to fire the DisplayLock method on event class {D5978630-5B9F-11D1-8DD2-00AA004ABD5E} for publisher  and subscriber .  The subscriber failed to respond within 180 seconds. The display name of the subscription is ""SENS Display Events"". The HRESULT was 800705b4.","4627","0","32768","3","18","0","36028797018963968","6904","Microsoft-Windows-EventSystem","899daace-4868-4295-afcd-9eb8fb497561","Application","4216","0","Crow-2",,"9/17/2023 7:50:40 PM",,,"Application","System.UInt32[]","System.Diagnostics.Eventing.Reader.EventBookmark","Warning",,"Firing Agent","System.Collections.ObjectModel.ReadOnlyCollection`1[System.String]","System.Collections.Generic.List`1[System.Diagnostics.Eventing.Reader.EventProperty]"
"The COM+ Event System timed out attempting to fire the DisplayLock method on event class {D5978630-5B9F-11D1-8DD2-00AA004ABD5E} for publisher  and subscriber .  The subscriber failed to respond within 180 seconds. The display name of the subscription is ""SENS Display Events"". The HRESULT was 800705b4.","4627","0","32768","3","18","0","36028797018963968","6856","Microsoft-Windows-EventSystem","899daace-4868-4295-afcd-9eb8fb497561","Application","4216","0","Crow-2",,"9/17/2023 11:55:57 AM",,,"Application","System.UInt32[]","System.Diagnostics.Eventing.Reader.EventBookmark","Warning",,"Firing Agent","System.Collections.ObjectModel.ReadOnlyCollection`1[System.String]","System.Collections.Generic.List`1[System.Diagnostics.Eventing.Reader.EventProperty]"
"The Open procedure for service ""WmiApRpl"" in DLL ""C:\windows\system32\wbem\wmiaprpl.dll"" failed with error code The device is not ready.. Performance data for this service will not be available.","1008","1",,"3","0","0","-9223372036854775808","6712","Microsoft-Windows-Perflib","13b197bd-7cee-4b4e-8dd0-59314ce374ce","Application","5096","21336","Crow-2","S-1-5-21-2575685057-3981701006-2922909388-1001","9/17/2023 10:56:57 AM",,,"Application","System.UInt32[]","System.Diagnostics.Eventing.Reader.EventBookmark","Warning","Info",,"System.Collections.ObjectModel.ReadOnlyCollection`1[System.String]","System.Collections.Generic.List`1[System.Diagnostics.Eventing.Reader.EventProperty]"
"The Open procedure for service ""MSDTC"" in DLL ""C:\windows\system32\msdtcuiu.DLL"" failed with error code The system cannot find the file specified.. Performance data for this service will not be available.","1008","1",,"3","0","0","-9223372036854775808","6711","Microsoft-Windows-Perflib","13b197bd-7cee-4b4e-8dd0-59314ce374ce","Application","5096","21336","Crow-2","S-1-5-21-2575685057-3981701006-2922909388-1001","9/17/2023 10:56:57 AM",,,"Application","System.UInt32[]","System.Diagnostics.Eventing.Reader.EventBookmark","Warning","Info",,"System.Collections.ObjectModel.ReadOnlyCollection`1[System.String]","System.Collections.Generic.List`1[System.Diagnostics.Eventing.Reader.EventProperty]"
"The Open procedure for service ""ESENT"" in DLL ""C:\windows\system32\esentprf.dll"" failed with error code Access is denied.. Performance data for this service will not be available.","1008","1",,"3","0","0","-9223372036854775808","6710","Microsoft-Windows-Perflib","13b197bd-7cee-4b4e-8dd0-59314ce374ce","Application","5096","21336","Crow-2","S-1-5-21-2575685057-3981701006-2922909388-1001","9/17/2023 10:56:57 AM",,,"Application","System.UInt32[]","System.Diagnostics.Eventing.Reader.EventBookmark","Warning","Info",,"System.Collections.ObjectModel.ReadOnlyCollection`1[System.String]","System.Collections.Generic.List`1[System.Diagnostics.Eventing.Reader.EventProperty]"
"The COM+ Event System timed out attempting to fire the DisplayLock method on event class {D5978630-5B9F-11D1-8DD2-00AA004ABD5E} for publisher  and subscriber .  The subscriber failed to respond within 180 seconds. The display name of the subscription is ""SENS Display Events"". The HRESULT was 800705b4.","4627","0","32768","3","18","0","36028797018963968","6678","Microsoft-Windows-EventSystem","899daace-4868-4295-afcd-9eb8fb497561","Application","4216","0","Crow-2",,"9/16/2023 12:35:42 AM",,,"Application","System.UInt32[]","System.Diagnostics.Eventing.Reader.EventBookmark","Warning",,"Firing Agent","System.Collections.ObjectModel.ReadOnlyCollection`1[System.String]","System.Collections.Generic.List`1[System.Diagnostics.Eventing.Reader.EventProperty]"
"The COM+ Event System timed out attempting to fire the DisplayLock method on event class {D5978630-5B9F-11D1-8DD2-00AA004ABD5E} for publisher  and subscriber .  The subscriber failed to respond within 180 seconds. The display name of the subscription is ""SENS Display Events"". The HRESULT was 800705b4.","4627","0","32768","3","18","0","36028797018963968","6615","Microsoft-Windows-EventSystem","899daace-4868-4295-afcd-9eb8fb497561","Application","4216","0","Crow-2",,"9/15/2023 1:02:19 AM",,,"Application","System.UInt32[]","System.Diagnostics.Eventing.Reader.EventBookmark","Warning",,"Firing Agent","System.Collections.ObjectModel.ReadOnlyCollection`1[System.String]","System.Collections.Generic.List`1[System.Diagnostics.Eventing.Reader.EventProperty]"
"The COM+ Event System timed out attempting to fire the DisplayLock method on event class {D5978630-5B9F-11D1-8DD2-00AA004ABD5E} for publisher  and subscriber .  The subscriber failed to respond within 180 seconds. The display name of the subscription is ""SENS Display Events"". The HRESULT was 800705b4.","4627","0","32768","3","18","0","36028797018963968","6592","Microsoft-Windows-EventSystem","899daace-4868-4295-afcd-9eb8fb497561","Application","4216","0","Crow-2",,"9/14/2023 10:26:31 PM",,,"Application","System.UInt32[]","System.Diagnostics.Eventing.Reader.EventBookmark","Warning",,"Firing Agent","System.Collections.ObjectModel.ReadOnlyCollection`1[System.String]","System.Collections.Generic.List`1[System.Diagnostics.Eventing.Reader.EventProperty]"
"The Open procedure for service ""WmiApRpl"" in DLL ""C:\windows\system32\wbem\wmiaprpl.dll"" failed with error code The device is not ready.. Performance data for this service will not be available.","1008","1",,"3","0","0","-9223372036854775808","6538","Microsoft-Windows-Perflib","13b197bd-7cee-4b4e-8dd0-59314ce374ce","Application","8640","8092","Crow-2","S-1-5-21-2575685057-3981701006-2922909388-1001","9/14/2023 8:26:33 PM",,,"Application","System.UInt32[]","System.Diagnostics.Eventing.Reader.EventBookmark","Warning","Info",,"System.Collections.ObjectModel.ReadOnlyCollection`1[System.String]","System.Collections.Generic.List`1[System.Diagnostics.Eventing.Reader.EventProperty]"
"The Open procedure for service ""MSDTC"" in DLL ""C:\windows\system32\msdtcuiu.DLL"" failed with error code The system cannot find the file specified.. Performance data for this service will not be available.","1008","1",,"3","0","0","-9223372036854775808","6537","Microsoft-Windows-Perflib","13b197bd-7cee-4b4e-8dd0-59314ce374ce","Application","8640","8092","Crow-2","S-1-5-21-2575685057-3981701006-2922909388-1001","9/14/2023 8:26:33 PM",,,"Application","System.UInt32[]","System.Diagnostics.Eventing.Reader.EventBookmark","Warning","Info",,"System.Collections.ObjectModel.ReadOnlyCollection`1[System.String]","System.Collections.Generic.List`1[System.Diagnostics.Eventing.Reader.EventProperty]"
"The Open procedure for service ""ESENT"" in DLL ""C:\windows\system32\esentprf.dll"" failed with error code Access is denied.. Performance data for this service will not be available.","1008","1",,"3","0","0","-9223372036854775808","6536","Microsoft-Windows-Perflib","13b197bd-7cee-4b4e-8dd0-59314ce374ce","Application","8640","8092","Crow-2","S-1-5-21-2575685057-3981701006-2922909388-1001","9/14/2023 8:26:33 PM",,,"Application","System.UInt32[]","System.Diagnostics.Eventing.Reader.EventBookmark","Warning","Info",,"System.Collections.ObjectModel.ReadOnlyCollection`1[System.String]","System.Collections.Generic.List`1[System.Diagnostics.Eventing.Reader.EventProperty]"
"The Open procedure for service ""WmiApRpl"" in DLL ""C:\windows\system32\wbem\wmiaprpl.dll"" failed with error code The device is not ready.. Performance data for this service will not be available.","1008","1",,"3","0","0","-9223372036854775808","6469","Microsoft-Windows-Perflib","13b197bd-7cee-4b4e-8dd0-59314ce374ce","Application","3388","284","Crow-2","S-1-5-21-2575685057-3981701006-2922909388-1001","9/13/2023 8:23:11 PM",,,"Application","System.UInt32[]","System.Diagnostics.Eventing.Reader.EventBookmark","Warning","Info",,"System.Collections.ObjectModel.ReadOnlyCollection`1[System.String]","System.Collections.Generic.List`1[System.Diagnostics.Eventing.Reader.EventProperty]"
"The Open procedure for service ""MSDTC"" in DLL ""C:\windows\system32\msdtcuiu.DLL"" failed with error code The system cannot find the file specified.. Performance data for this service will not be available.","1008","1",,"3","0","0","-9223372036854775808","6468","Microsoft-Windows-Perflib","13b197bd-7cee-4b4e-8dd0-59314ce374ce","Application","3388","284","Crow-2","S-1-5-21-2575685057-3981701006-2922909388-1001","9/13/2023 8:23:11 PM",,,"Application","System.UInt32[]","System.Diagnostics.Eventing.Reader.EventBookmark","Warning","Info",,"System.Collections.ObjectModel.ReadOnlyCollection`1[System.String]","System.Collections.Generic.List`1[System.Diagnostics.Eventing.Reader.EventProperty]"
"The Open procedure for service ""ESENT"" in DLL ""C:\windows\system32\esentprf.dll"" failed with error code Access is denied.. Performance data for this service will not be available.","1008","1",,"3","0","0","-9223372036854775808","6467","Microsoft-Windows-Perflib","13b197bd-7cee-4b4e-8dd0-59314ce374ce","Application","3388","284","Crow-2","S-1-5-21-2575685057-3981701006-2922909388-1001","9/13/2023 8:23:11 PM",,,"Application","System.UInt32[]","System.Diagnostics.Eventing.Reader.EventBookmark","Warning","Info",,"System.Collections.ObjectModel.ReadOnlyCollection`1[System.String]","System.Collections.Generic.List`1[System.Diagnostics.Eventing.Reader.EventProperty]"
"taskhostw (8392,R,98) WebCacheLocal: The shadow header page of file C:\Users\crowj\AppData\Local\Microsoft\Windows\WebCache\V01.chk was damaged. The primary header page (4096 bytes) was used instead.","472","0","0","3","3","0","36028797018963968","6452","ESENT",,"Application","8392","0","Crow-2",,"9/13/2023 8:21:25 PM",,,"Application","System.UInt32[]","System.Diagnostics.Eventing.Reader.EventBookmark","Warning","Info","Logging/Recovery","System.Collections.ObjectModel.ReadOnlyCollection`1[System.String]","System.Collections.Generic.List`1[System.Diagnostics.Eventing.Reader.EventProperty]"
"A provider, IntelMEProv, has been registered in the Windows Management Instrumentation namespace root\Intel_ME to use the LocalSystem account. This account is privileged and the provider may cause a security violation if it does not correctly impersonate user requests.","63","2",,"3","0","0","-9223372036854775808","6446","Microsoft-Windows-WMI","1edeee53-0afe-4609-b846-d8c0b2075b1f","Application","2976","3940","Crow-2","S-1-5-18","9/13/2023 8:21:23 PM",,,"Application","System.UInt32[]","System.Diagnostics.Eventing.Reader.EventBookmark","Warning","Info",,"System.Collections.ObjectModel.ReadOnlyCollection`1[System.String]","System.Collections.Generic.List`1[System.Diagnostics.Eventing.Reader.EventProperty]"
"A provider, IntelMEProv, has been registered in the Windows Management Instrumentation namespace root\Intel_ME to use the LocalSystem account. This account is privileged and the provider may cause a security violation if it does not correctly impersonate user requests.","63","2",,"3","0","0","-9223372036854775808","6445","Microsoft-Windows-WMI","1edeee53-0afe-4609-b846-d8c0b2075b1f","Application","2976","3940","Crow-2","S-1-5-18","9/13/2023 8:21:23 PM",,,"Application","System.UInt32[]","System.Diagnostics.Eventing.Reader.EventBookmark","Warning","Info",,"System.Collections.ObjectModel.ReadOnlyCollection`1[System.String]","System.Collections.Generic.List`1[System.Diagnostics.Eventing.Reader.EventProperty]"
"A provider, IntelMEProv, has been registered in the Windows Management Instrumentation namespace root\Intel_ME to use the LocalSystem account. This account is privileged and the provider may cause a security violation if it does not correctly impersonate user requests.","63","2",,"3","0","0","-9223372036854775808","6444","Microsoft-Windows-WMI","1edeee53-0afe-4609-b846-d8c0b2075b1f","Application","2976","3636","Crow-2","S-1-5-18","9/13/2023 8:21:23 PM",,,"Application","System.UInt32[]","System.Diagnostics.Eventing.Reader.EventBookmark","Warning","Info",,"System.Collections.ObjectModel.ReadOnlyCollection`1[System.String]","System.Collections.Generic.List`1[System.Diagnostics.Eventing.Reader.EventProperty]"
"The COM+ Event System timed out attempting to fire the DisplayLock method on event class {D5978630-5B9F-11D1-8DD2-00AA004ABD5E} for publisher  and subscriber .  The subscriber failed to respond within 180 seconds. The display name of the subscription is ""SENS Display Events"". The HRESULT was 800705b4.","4627","0","32768","3","18","0","36028797018963968","6393","Microsoft-Windows-EventSystem","899daace-4868-4295-afcd-9eb8fb497561","Application","3820","0","Crow-2",,"9/13/2023 12:59:59 PM",,,"Application","System.UInt32[]","System.Diagnostics.Eventing.Reader.EventBookmark","Warning",,"Firing Agent","System.Collections.ObjectModel.ReadOnlyCollection`1[System.String]","System.Collections.Generic.List`1[System.Diagnostics.Eventing.Reader.EventProperty]"
"Application 'C:\Program Files (x86)\ExpressVPN\expressvpn-ui\ExpressVPNNotificationService.exe' (pid 14028) cannot be restarted - Application SID does not match Conductor SID..","10010","0",,"3","0","0","-9223372036854775808","6365","Microsoft-Windows-RestartManager","0888e5ef-9b98-4695-979d-e92ce4247224","Application","15156","5672","Crow-2","S-1-5-18","9/13/2023 10:30:35 AM",,,"Application","System.UInt32[]","System.Diagnostics.Eventing.Reader.EventBookmark","Warning","Info",,"System.Collections.ObjectModel.ReadOnlyCollection`1[System.String]","System.Collections.Generic.List`1[System.Diagnostics.Eventing.Reader.EventProperty]"
"The Open procedure for service ""WmiApRpl"" in DLL ""C:\windows\system32\wbem\wmiaprpl.dll"" failed with error code The device is not ready.. Performance data for this service will not be available.","1008","1",,"3","0","0","-9223372036854775808","6355","Microsoft-Windows-Perflib","13b197bd-7cee-4b4e-8dd0-59314ce374ce","Application","3868","12048","Crow-2","S-1-5-21-2575685057-3981701006-2922909388-1001","9/13/2023 10:20:10 AM",,,"Application","System.UInt32[]","System.Diagnostics.Eventing.Reader.EventBookmark","Warning","Info",,"System.Collections.ObjectModel.ReadOnlyCollection`1[System.String]","System.Collections.Generic.List`1[System.Diagnostics.Eventing.Reader.EventProperty]"
"The Open procedure for service ""MSDTC"" in DLL ""C:\windows\system32\msdtcuiu.DLL"" failed with error code The system cannot find the file specified.. Performance data for this service will not be available.","1008","1",,"3","0","0","-9223372036854775808","6354","Microsoft-Windows-Perflib","13b197bd-7cee-4b4e-8dd0-59314ce374ce","Application","3868","12048","Crow-2","S-1-5-21-2575685057-3981701006-2922909388-1001","9/13/2023 10:20:10 AM",,,"Application","System.UInt32[]","System.Diagnostics.Eventing.Reader.EventBookmark","Warning","Info",,"System.Collections.ObjectModel.ReadOnlyCollection`1[System.String]","System.Collections.Generic.List`1[System.Diagnostics.Eventing.Reader.EventProperty]"
"The Open procedure for service ""ESENT"" in DLL ""C:\windows\system32\esentprf.dll"" failed with error code Access is denied.. Performance data for this service will not be available.","1008","1",,"3","0","0","-9223372036854775808","6353","Microsoft-Windows-Perflib","13b197bd-7cee-4b4e-8dd0-59314ce374ce","Application","3868","12048","Crow-2","S-1-5-21-2575685057-3981701006-2922909388-1001","9/13/2023 10:20:10 AM",,,"Application","System.UInt32[]","System.Diagnostics.Eventing.Reader.EventBookmark","Warning","Info",,"System.Collections.ObjectModel.ReadOnlyCollection`1[System.String]","System.Collections.Generic.List`1[System.Diagnostics.Eventing.Reader.EventProperty]"
"A provider, IntelMEProv, has been registered in the Windows Management Instrumentation namespace root\Intel_ME to use the LocalSystem account. This account is privileged and the provider may cause a security violation if it does not correctly impersonate user requests.","63","2",,"3","0","0","-9223372036854775808","6328","Microsoft-Windows-WMI","1edeee53-0afe-4609-b846-d8c0b2075b1f","Application","2516","6844","Crow-2","S-1-5-18","9/13/2023 10:17:49 AM",,,"Application","System.UInt32[]","System.Diagnostics.Eventing.Reader.EventBookmark","Warning","Info",,"System.Collections.ObjectModel.ReadOnlyCollection`1[System.String]","System.Collections.Generic.List`1[System.Diagnostics.Eventing.Reader.EventProperty]"
"A provider, IntelMEProv, has been registered in the Windows Management Instrumentation namespace root\Intel_ME to use the LocalSystem account. This account is privileged and the provider may cause a security violation if it does not correctly impersonate user requests.","63","2",,"3","0","0","-9223372036854775808","6327","Microsoft-Windows-WMI","1edeee53-0afe-4609-b846-d8c0b2075b1f","Application","2516","6844","Crow-2","S-1-5-18","9/13/2023 10:17:49 AM",,,"Application","System.UInt32[]","System.Diagnostics.Eventing.Reader.EventBookmark","Warning","Info",,"System.Collections.ObjectModel.ReadOnlyCollection`1[System.String]","System.Collections.Generic.List`1[System.Diagnostics.Eventing.Reader.EventProperty]"
"A provider, IntelMEProv, has been registered in the Windows Management Instrumentation namespace root\Intel_ME to use the LocalSystem account. This account is privileged and the provider may cause a security violation if it does not correctly impersonate user requests.","63","2",,"3","0","0","-9223372036854775808","6326","Microsoft-Windows-WMI","1edeee53-0afe-4609-b846-d8c0b2075b1f","Application","2516","3700","Crow-2","S-1-5-18","9/13/2023 10:17:49 AM",,,"Application","System.UInt32[]","System.Diagnostics.Eventing.Reader.EventBookmark","Warning","Info",,"System.Collections.ObjectModel.ReadOnlyCollection`1[System.String]","System.Collections.Generic.List`1[System.Diagnostics.Eventing.Reader.EventProperty]"
"A provider, DMWmiBridgeProv1, has been registered in the Windows Management Instrumentation namespace root\cimv2\mdm\dmmap to use the LocalSystem account. This account is privileged and the provider may cause a security violation if it does not correctly impersonate user requests.","63","2",,"3","0","0","-9223372036854775808","6306","Microsoft-Windows-WMI","1edeee53-0afe-4609-b846-d8c0b2075b1f","Application","2876","6244","Crow-2","S-1-5-18","9/12/2023 10:44:36 PM",,,"Application","System.UInt32[]","System.Diagnostics.Eventing.Reader.EventBookmark","Warning","Info",,"System.Collections.ObjectModel.ReadOnlyCollection`1[System.String]","System.Collections.Generic.List`1[System.Diagnostics.Eventing.Reader.EventProperty]"
"A provider, DMWmiBridgeProv1, has been registered in the Windows Management Instrumentation namespace root\cimv2\mdm\dmmap to use the LocalSystem account. This account is privileged and the provider may cause a security violation if it does not correctly impersonate user requests.","63","2",,"3","0","0","-9223372036854775808","6305","Microsoft-Windows-WMI","1edeee53-0afe-4609-b846-d8c0b2075b1f","Application","2876","6244","Crow-2","S-1-5-18","9/12/2023 10:44:36 PM",,,"Application","System.UInt32[]","System.Diagnostics.Eventing.Reader.EventBookmark","Warning","Info",,"System.Collections.ObjectModel.ReadOnlyCollection`1[System.String]","System.Collections.Generic.List`1[System.Diagnostics.Eventing.Reader.EventProperty]"
"A provider, DMWmiBridgeProv1, has been registered in the Windows Management Instrumentation namespace root\cimv2\mdm\dmmap to use the LocalSystem account. This account is privileged and the provider may cause a security violation if it does not correctly impersonate user requests.","63","2",,"3","0","0","-9223372036854775808","6304","Microsoft-Windows-WMI","1edeee53-0afe-4609-b846-d8c0b2075b1f","Application","2876","3476","Crow-2","S-1-5-18","9/12/2023 10:44:36 PM",,,"Application","System.UInt32[]","System.Diagnostics.Eventing.Reader.EventBookmark","Warning","Info",,"System.Collections.ObjectModel.ReadOnlyCollection`1[System.String]","System.Collections.Generic.List`1[System.Diagnostics.Eventing.Reader.EventProperty]"
"A provider, DMWmiBridgeProv, has been registered in the Windows Management Instrumentation namespace root\cimv2\mdm\dmmap to use the LocalSystem account. This account is privileged and the provider may cause a security violation if it does not correctly impersonate user requests.","63","2",,"3","0","0","-9223372036854775808","6303","Microsoft-Windows-WMI","1edeee53-0afe-4609-b846-d8c0b2075b1f","Application","2876","6344","Crow-2","S-1-5-18","9/12/2023 10:44:36 PM",,,"Application","System.UInt32[]","System.Diagnostics.Eventing.Reader.EventBookmark","Warning","Info",,"System.Collections.ObjectModel.ReadOnlyCollection`1[System.String]","System.Collections.Generic.List`1[System.Diagnostics.Eventing.Reader.EventProperty]"
"A provider, DMWmiBridgeProv, has been registered in the Windows Management Instrumentation namespace root\cimv2\mdm\dmmap to use the LocalSystem account. This account is privileged and the provider may cause a security violation if it does not correctly impersonate user requests.","63","2",,"3","0","0","-9223372036854775808","6302","Microsoft-Windows-WMI","1edeee53-0afe-4609-b846-d8c0b2075b1f","Application","2876","6344","Crow-2","S-1-5-18","9/12/2023 10:44:36 PM",,,"Application","System.UInt32[]","System.Diagnostics.Eventing.Reader.EventBookmark","Warning","Info",,"System.Collections.ObjectModel.ReadOnlyCollection`1[System.String]","System.Collections.Generic.List`1[System.Diagnostics.Eventing.Reader.EventProperty]"
"A provider, DMWmiBridgeProv, has been registered in the Windows Management Instrumentation namespace root\cimv2\mdm\dmmap to use the LocalSystem account. This account is privileged and the provider may cause a security violation if it does not correctly impersonate user requests.","63","2",,"3","0","0","-9223372036854775808","6301","Microsoft-Windows-WMI","1edeee53-0afe-4609-b846-d8c0b2075b1f","Application","2876","3476","Crow-2","S-1-5-18","9/12/2023 10:44:36 PM",,,"Application","System.UInt32[]","System.Diagnostics.Eventing.Reader.EventBookmark","Warning","Info",,"System.Collections.ObjectModel.ReadOnlyCollection`1[System.String]","System.Collections.Generic.List`1[System.Diagnostics.Eventing.Reader.EventProperty]"
"A provider, IntelMEProv, has been registered in the Windows Management Instrumentation namespace root\Intel_ME to use the LocalSystem account. This account is privileged and the provider may cause a security violation if it does not correctly impersonate user requests.","63","2",,"3","0","0","-9223372036854775808","6288","Microsoft-Windows-WMI","1edeee53-0afe-4609-b846-d8c0b2075b1f","Application","2876","6648","Crow-2","S-1-5-18","9/12/2023 10:44:20 PM",,,"Application","System.UInt32[]","System.Diagnostics.Eventing.Reader.EventBookmark","Warning","Info",,"System.Collections.ObjectModel.ReadOnlyCollection`1[System.String]","System.Collections.Generic.List`1[System.Diagnostics.Eventing.Reader.EventProperty]"
"A provider, IntelMEProv, has been registered in the Windows Management Instrumentation namespace root\Intel_ME to use the LocalSystem account. This account is privileged and the provider may cause a security violation if it does not correctly impersonate user requests.","63","2",,"3","0","0","-9223372036854775808","6287","Microsoft-Windows-WMI","1edeee53-0afe-4609-b846-d8c0b2075b1f","Application","2876","6648","Crow-2","S-1-5-18","9/12/2023 10:44:20 PM",,,"Application","System.UInt32[]","System.Diagnostics.Eventing.Reader.EventBookmark","Warning","Info",,"System.Collections.ObjectModel.ReadOnlyCollection`1[System.String]","System.Collections.Generic.List`1[System.Diagnostics.Eventing.Reader.EventProperty]"
"A provider, IntelMEProv, has been registered in the Windows Management Instrumentation namespace root\Intel_ME to use the LocalSystem account. This account is privileged and the provider may cause a security violation if it does not correctly impersonate user requests.","63","2",,"3","0","0","-9223372036854775808","6286","Microsoft-Windows-WMI","1edeee53-0afe-4609-b846-d8c0b2075b1f","Application","2876","3476","Crow-2","S-1-5-18","9/12/2023 10:44:20 PM",,,"Application","System.UInt32[]","System.Diagnostics.Eventing.Reader.EventBookmark","Warning","Info",,"System.Collections.ObjectModel.ReadOnlyCollection`1[System.String]","System.Collections.Generic.List`1[System.Diagnostics.Eventing.Reader.EventProperty]"
"A provider, IntelMEProv, has been registered in the Windows Management Instrumentation namespace root\Intel_ME to use the LocalSystem account. This account is privileged and the provider may cause a security violation if it does not correctly impersonate user requests.","63","2",,"3","0","0","-9223372036854775808","6182","Microsoft-Windows-WMI","1edeee53-0afe-4609-b846-d8c0b2075b1f","Application","2732","4088","Crow-2","S-1-5-18","9/12/2023 4:05:10 PM",,,"Application","System.UInt32[]","System.Diagnostics.Eventing.Reader.EventBookmark","Warning","Info",,"System.Collections.ObjectModel.ReadOnlyCollection`1[System.String]","System.Collections.Generic.List`1[System.Diagnostics.Eventing.Reader.EventProperty]"
"A provider, IntelMEProv, has been registered in the Windows Management Instrumentation namespace root\Intel_ME to use the LocalSystem account. This account is privileged and the provider may cause a security violation if it does not correctly impersonate user requests.","63","2",,"3","0","0","-9223372036854775808","6181","Microsoft-Windows-WMI","1edeee53-0afe-4609-b846-d8c0b2075b1f","Application","2732","4088","Crow-2","S-1-5-18","9/12/2023 4:05:10 PM",,,"Application","System.UInt32[]","System.Diagnostics.Eventing.Reader.EventBookmark","Warning","Info",,"System.Collections.ObjectModel.ReadOnlyCollection`1[System.String]","System.Collections.Generic.List`1[System.Diagnostics.Eventing.Reader.EventProperty]"
"A provider, IntelMEProv, has been registered in the Windows Management Instrumentation namespace root\Intel_ME to use the LocalSystem account. This account is privileged and the provider may cause a security violation if it does not correctly impersonate user requests.","63","2",,"3","0","0","-9223372036854775808","6180","Microsoft-Windows-WMI","1edeee53-0afe-4609-b846-d8c0b2075b1f","Application","2732","3756","Crow-2","S-1-5-18","9/12/2023 4:05:10 PM",,,"Application","System.UInt32[]","System.Diagnostics.Eventing.Reader.EventBookmark","Warning","Info",,"System.Collections.ObjectModel.ReadOnlyCollection`1[System.String]","System.Collections.Generic.List`1[System.Diagnostics.Eventing.Reader.EventProperty]"
"A provider, IntelMEProv, has been registered in the Windows Management Instrumentation namespace root\Intel_ME to use the LocalSystem account. This account is privileged and the provider may cause a security violation if it does not correctly impersonate user requests.","63","2",,"3","0","0","-9223372036854775808","6169","Microsoft-Windows-WMI","1edeee53-0afe-4609-b846-d8c0b2075b1f","Application","3884","4400","Crow-2","S-1-5-18","9/11/2023 1:04:37 AM",,,"Application","System.UInt32[]","System.Diagnostics.Eventing.Reader.EventBookmark","Warning","Info",,"System.Collections.ObjectModel.ReadOnlyCollection`1[System.String]","System.Collections.Generic.List`1[System.Diagnostics.Eventing.Reader.EventProperty]"
"A provider, IntelMEProv, has been registered in the Windows Management Instrumentation namespace root\Intel_ME to use the LocalSystem account. This account is privileged and the provider may cause a security violation if it does not correctly impersonate user requests.","63","2",,"3","0","0","-9223372036854775808","6168","Microsoft-Windows-WMI","1edeee53-0afe-4609-b846-d8c0b2075b1f","Application","3884","4400","Crow-2","S-1-5-18","9/11/2023 1:04:37 AM",,,"Application","System.UInt32[]","System.Diagnostics.Eventing.Reader.EventBookmark","Warning","Info",,"System.Collections.ObjectModel.ReadOnlyCollection`1[System.String]","System.Collections.Generic.List`1[System.Diagnostics.Eventing.Reader.EventProperty]"
"A provider, IntelMEProv, has been registered in the Windows Management Instrumentation namespace root\Intel_ME to use the LocalSystem account. This account is privileged and the provider may cause a security violation if it does not correctly impersonate user requests.","63","2",,"3","0","0","-9223372036854775808","6167","Microsoft-Windows-WMI","1edeee53-0afe-4609-b846-d8c0b2075b1f","Application","3884","4484","Crow-2","S-1-5-18","9/11/2023 1:04:37 AM",,,"Application","System.UInt32[]","System.Diagnostics.Eventing.Reader.EventBookmark","Warning","Info",,"System.Collections.ObjectModel.ReadOnlyCollection`1[System.String]","System.Collections.Generic.List`1[System.Diagnostics.Eventing.Reader.EventProperty]"
"The COM+ Event System timed out attempting to fire the DisplayLock method on event class {D5978630-5B9F-11D1-8DD2-00AA004ABD5E} for publisher  and subscriber .  The subscriber failed to respond within 180 seconds. The display name of the subscription is ""SENS Display Events"". The HRESULT was 800705b4.","4627","0","32768","3","18","0","36028797018963968","5969","Microsoft-Windows-EventSystem","899daace-4868-4295-afcd-9eb8fb497561","Application","3744","0","Crow-2",,"9/7/2023 12:11:56 AM",,,"Application","System.UInt32[]","System.Diagnostics.Eventing.Reader.EventBookmark","Warning",,"Firing Agent","System.Collections.ObjectModel.ReadOnlyCollection`1[System.String]","System.Collections.Generic.List`1[System.Diagnostics.Eventing.Reader.EventProperty]"
"A provider, IntelMEProv, has been registered in the Windows Management Instrumentation namespace root\Intel_ME to use the LocalSystem account. This account is privileged and the provider may cause a security violation if it does not correctly impersonate user requests.","63","2",,"3","0","0","-9223372036854775808","5945","Microsoft-Windows-WMI","1edeee53-0afe-4609-b846-d8c0b2075b1f","Application","2936","3512","Crow-2","S-1-5-18","9/6/2023 11:43:38 PM",,,"Application","System.UInt32[]","System.Diagnostics.Eventing.Reader.EventBookmark","Warning","Info",,"System.Collections.ObjectModel.ReadOnlyCollection`1[System.String]","System.Collections.Generic.List`1[System.Diagnostics.Eventing.Reader.EventProperty]"
"A provider, IntelMEProv, has been registered in the Windows Management Instrumentation namespace root\Intel_ME to use the LocalSystem account. This account is privileged and the provider may cause a security violation if it does not correctly impersonate user requests.","63","2",,"3","0","0","-9223372036854775808","5944","Microsoft-Windows-WMI","1edeee53-0afe-4609-b846-d8c0b2075b1f","Application","2936","3512","Crow-2","S-1-5-18","9/6/2023 11:43:38 PM",,,"Application","System.UInt32[]","System.Diagnostics.Eventing.Reader.EventBookmark","Warning","Info",,"System.Collections.ObjectModel.ReadOnlyCollection`1[System.String]","System.Collections.Generic.List`1[System.Diagnostics.Eventing.Reader.EventProperty]"
"A provider, IntelMEProv, has been registered in the Windows Management Instrumentation namespace root\Intel_ME to use the LocalSystem account. This account is privileged and the provider may cause a security violation if it does not correctly impersonate user requests.","63","2",,"3","0","0","-9223372036854775808","5943","Microsoft-Windows-WMI","1edeee53-0afe-4609-b846-d8c0b2075b1f","Application","2936","3604","Crow-2","S-1-5-18","9/6/2023 11:43:38 PM",,,"Application","System.UInt32[]","System.Diagnostics.Eventing.Reader.EventBookmark","Warning","Info",,"System.Collections.ObjectModel.ReadOnlyCollection`1[System.String]","System.Collections.Generic.List`1[System.Diagnostics.Eventing.Reader.EventProperty]"
"A provider, IntelMEProv, has been registered in the Windows Management Instrumentation namespace root\Intel_ME to use the LocalSystem account. This account is privileged and the provider may cause a security violation if it does not correctly impersonate user requests.","63","2",,"3","0","0","-9223372036854775808","5885","Microsoft-Windows-WMI","1edeee53-0afe-4609-b846-d8c0b2075b1f","Application","2056","3540","Crow-2","S-1-5-18","9/6/2023 11:33:22 PM",,,"Application","System.UInt32[]","System.Diagnostics.Eventing.Reader.EventBookmark","Warning","Info",,"System.Collections.ObjectModel.ReadOnlyCollection`1[System.String]","System.Collections.Generic.List`1[System.Diagnostics.Eventing.Reader.EventProperty]"
"A provider, IntelMEProv, has been registered in the Windows Management Instrumentation namespace root\Intel_ME to use the LocalSystem account. This account is privileged and the provider may cause a security violation if it does not correctly impersonate user requests.","63","2",,"3","0","0","-9223372036854775808","5884","Microsoft-Windows-WMI","1edeee53-0afe-4609-b846-d8c0b2075b1f","Application","2056","3540","Crow-2","S-1-5-18","9/6/2023 11:33:22 PM",,,"Application","System.UInt32[]","System.Diagnostics.Eventing.Reader.EventBookmark","Warning","Info",,"System.Collections.ObjectModel.ReadOnlyCollection`1[System.String]","System.Collections.Generic.List`1[System.Diagnostics.Eventing.Reader.EventProperty]"
"A provider, IntelMEProv, has been registered in the Windows Management Instrumentation namespace root\Intel_ME to use the LocalSystem account. This account is privileged and the provider may cause a security violation if it does not correctly impersonate user requests.","63","2",,"3","0","0","-9223372036854775808","5883","Microsoft-Windows-WMI","1edeee53-0afe-4609-b846-d8c0b2075b1f","Application","2056","3632","Crow-2","S-1-5-18","9/6/2023 11:33:22 PM",,,"Application","System.UInt32[]","System.Diagnostics.Eventing.Reader.EventBookmark","Warning","Info",,"System.Collections.ObjectModel.ReadOnlyCollection`1[System.String]","System.Collections.Generic.List`1[System.Diagnostics.Eventing.Reader.EventProperty]"
