"A provider, HiPerfCooker_v1, has been registered in the Windows Management Instrumentation namespace Root\WMI to use the LocalSystem account. This account is privileged and the provider may cause a security violation if it does not correctly impersonate user requests.","63","2",,"3","0","0","-9223372036854775808","626","Microsoft-Windows-WMI","1edeee53-0afe-4609-b846-d8c0b2075b1f","Application","1876","6564","Crow-2","S-1-5-18","6/28/2023 8:19:35 PM",,,"Application","System.UInt32[]","System.Diagnostics.Eventing.Reader.EventBookmark","Warning","Info",,"System.Collections.ObjectModel.ReadOnlyCollection`1[System.String]","System.Collections.Generic.List`1[System.Diagnostics.Eventing.Reader.EventProperty]"
"A provider, HiPerfCooker_v1, has been registered in the Windows Management Instrumentation namespace Root\WMI to use the LocalSystem account. This account is privileged and the provider may cause a security violation if it does not correctly impersonate user requests.","63","2",,"3","0","0","-9223372036854775808","625","Microsoft-Windows-WMI","1edeee53-0afe-4609-b846-d8c0b2075b1f","Application","1876","6564","Crow-2","S-1-5-18","6/28/2023 8:19:35 PM",,,"Application","System.UInt32[]","System.Diagnostics.Eventing.Reader.EventBookmark","Warning","Info",,"System.Collections.ObjectModel.ReadOnlyCollection`1[System.String]","System.Collections.Generic.List`1[System.Diagnostics.Eventing.Reader.EventProperty]"
"The winlogon notification subscriber <TrustedInstaller> is taking long time to handle the notification event (CreateSession).","6005","0","32768","3","0","0","36028797018963968","624","Microsoft-Windows-Winlogon","dbe9b383-7cf3-4331-91cc-a3cb16a3b538","Application","1136","0","Crow-2",,"6/28/2023 8:18:44 PM",,,"Application","System.UInt32[]","System.Diagnostics.Eventing.Reader.EventBookmark","Warning",,,"System.Collections.ObjectModel.ReadOnlyCollection`1[System.String]","System.Collections.Generic.List`1[System.Diagnostics.Eventing.Reader.EventProperty]"
"A provider, DMWmiBridgeProv1, has been registered in the Windows Management Instrumentation namespace root\cimv2\mdm\dmmap to use the LocalSystem account. This account is privileged and the provider may cause a security violation if it does not correctly impersonate user requests.","63","2",,"3","0","0","-9223372036854775808","623","Microsoft-Windows-WMI","1edeee53-0afe-4609-b846-d8c0b2075b1f","Application","1876","7524","Crow-2","S-1-5-18","6/28/2023 8:18:06 PM",,,"Application","System.UInt32[]","System.Diagnostics.Eventing.Reader.EventBookmark","Warning","Info",,"System.Collections.ObjectModel.ReadOnlyCollection`1[System.String]","System.Collections.Generic.List`1[System.Diagnostics.Eventing.Reader.EventProperty]"
"A provider, DMWmiBridgeProv1, has been registered in the Windows Management Instrumentation namespace root\cimv2\mdm\dmmap to use the LocalSystem account. This account is privileged and the provider may cause a security violation if it does not correctly impersonate user requests.","63","2",,"3","0","0","-9223372036854775808","622","Microsoft-Windows-WMI","1edeee53-0afe-4609-b846-d8c0b2075b1f","Application","1876","7524","Crow-2","S-1-5-18","6/28/2023 8:18:06 PM",,,"Application","System.UInt32[]","System.Diagnostics.Eventing.Reader.EventBookmark","Warning","Info",,"System.Collections.ObjectModel.ReadOnlyCollection`1[System.String]","System.Collections.Generic.List`1[System.Diagnostics.Eventing.Reader.EventProperty]"
"A provider, DMWmiBridgeProv1, has been registered in the Windows Management Instrumentation namespace root\cimv2\mdm\dmmap to use the LocalSystem account. This account is privileged and the provider may cause a security violation if it does not correctly impersonate user requests.","63","2",,"3","0","0","-9223372036854775808","621","Microsoft-Windows-WMI","1edeee53-0afe-4609-b846-d8c0b2075b1f","Application","1876","3712","Crow-2","S-1-5-18","6/28/2023 8:18:06 PM",,,"Application","System.UInt32[]","System.Diagnostics.Eventing.Reader.EventBookmark","Warning","Info",,"System.Collections.ObjectModel.ReadOnlyCollection`1[System.String]","System.Collections.Generic.List`1[System.Diagnostics.Eventing.Reader.EventProperty]"
"A provider, DMWmiBridgeProv, has been registered in the Windows Management Instrumentation namespace root\cimv2\mdm\dmmap to use the LocalSystem account. This account is privileged and the provider may cause a security violation if it does not correctly impersonate user requests.","63","2",,"3","0","0","-9223372036854775808","620","Microsoft-Windows-WMI","1edeee53-0afe-4609-b846-d8c0b2075b1f","Application","1876","7524","Crow-2","S-1-5-18","6/28/2023 8:18:05 PM",,,"Application","System.UInt32[]","System.Diagnostics.Eventing.Reader.EventBookmark","Warning","Info",,"System.Collections.ObjectModel.ReadOnlyCollection`1[System.String]","System.Collections.Generic.List`1[System.Diagnostics.Eventing.Reader.EventProperty]"
"A provider, DMWmiBridgeProv, has been registered in the Windows Management Instrumentation namespace root\cimv2\mdm\dmmap to use the LocalSystem account. This account is privileged and the provider may cause a security violation if it does not correctly impersonate user requests.","63","2",,"3","0","0","-9223372036854775808","619","Microsoft-Windows-WMI","1edeee53-0afe-4609-b846-d8c0b2075b1f","Application","1876","7524","Crow-2","S-1-5-18","6/28/2023 8:18:05 PM",,,"Application","System.UInt32[]","System.Diagnostics.Eventing.Reader.EventBookmark","Warning","Info",,"System.Collections.ObjectModel.ReadOnlyCollection`1[System.String]","System.Collections.Generic.List`1[System.Diagnostics.Eventing.Reader.EventProperty]"
"A provider, DMWmiBridgeProv, has been registered in the Windows Management Instrumentation namespace root\cimv2\mdm\dmmap to use the LocalSystem account. This account is privileged and the provider may cause a security violation if it does not correctly impersonate user requests.","63","2",,"3","0","0","-9223372036854775808","618","Microsoft-Windows-WMI","1edeee53-0afe-4609-b846-d8c0b2075b1f","Application","1876","3712","Crow-2","S-1-5-18","6/28/2023 8:18:05 PM",,,"Application","System.UInt32[]","System.Diagnostics.Eventing.Reader.EventBookmark","Warning","Info",,"System.Collections.ObjectModel.ReadOnlyCollection`1[System.String]","System.Collections.Generic.List`1[System.Diagnostics.Eventing.Reader.EventProperty]"
"A provider, SystemConfigurationChangeEvents, has been registered in the Windows Management Instrumentation namespace Root\CIMV2 to use the LocalSystem account. This account is privileged and the provider may cause a security violation if it does not correctly impersonate user requests.","63","2",,"3","0","0","-9223372036854775808","616","Microsoft-Windows-WMI","1edeee53-0afe-4609-b846-d8c0b2075b1f","Application","1876","7524","Crow-2","S-1-5-18","6/28/2023 8:17:57 PM","6dea4f1b-aa27-0008-0d5b-ea6d27aad901",,"Application","System.UInt32[]","System.Diagnostics.Eventing.Reader.EventBookmark","Warning","Info",,"System.Collections.ObjectModel.ReadOnlyCollection`1[System.String]","System.Collections.Generic.List`1[System.Diagnostics.Eventing.Reader.EventProperty]"
"A provider, SystemConfigurationChangeEvents, has been registered in the Windows Management Instrumentation namespace Root\CIMV2 to use the LocalSystem account. This account is privileged and the provider may cause a security violation if it does not correctly impersonate user requests.","63","2",,"3","0","0","-9223372036854775808","615","Microsoft-Windows-WMI","1edeee53-0afe-4609-b846-d8c0b2075b1f","Application","1876","3712","Crow-2","S-1-5-18","6/28/2023 8:17:57 PM",,,"Application","System.UInt32[]","System.Diagnostics.Eventing.Reader.EventBookmark","Warning","Info",,"System.Collections.ObjectModel.ReadOnlyCollection`1[System.String]","System.Collections.Generic.List`1[System.Diagnostics.Eventing.Reader.EventProperty]"
"A provider, VolumeChangeEvents, has been registered in the Windows Management Instrumentation namespace Root\CIMV2 to use the LocalSystem account. This account is privileged and the provider may cause a security violation if it does not correctly impersonate user requests.","63","2",,"3","0","0","-9223372036854775808","614","Microsoft-Windows-WMI","1edeee53-0afe-4609-b846-d8c0b2075b1f","Application","1876","7524","Crow-2","S-1-5-18","6/28/2023 8:17:57 PM","6dea4f1b-aa27-0008-035b-ea6d27aad901",,"Application","System.UInt32[]","System.Diagnostics.Eventing.Reader.EventBookmark","Warning","Info",,"System.Collections.ObjectModel.ReadOnlyCollection`1[System.String]","System.Collections.Generic.List`1[System.Diagnostics.Eventing.Reader.EventProperty]"
"A provider, VolumeChangeEvents, has been registered in the Windows Management Instrumentation namespace Root\CIMV2 to use the LocalSystem account. This account is privileged and the provider may cause a security violation if it does not correctly impersonate user requests.","63","2",,"3","0","0","-9223372036854775808","613","Microsoft-Windows-WMI","1edeee53-0afe-4609-b846-d8c0b2075b1f","Application","1876","3712","Crow-2","S-1-5-18","6/28/2023 8:17:57 PM",,,"Application","System.UInt32[]","System.Diagnostics.Eventing.Reader.EventBookmark","Warning","Info",,"System.Collections.ObjectModel.ReadOnlyCollection`1[System.String]","System.Collections.Generic.List`1[System.Diagnostics.Eventing.Reader.EventProperty]"
"A provider, MS_Power_Management_Event_Provider, has been registered in the Windows Management Instrumentation namespace Root\CIMV2 to use the LocalSystem account. This account is privileged and the provider may cause a security violation if it does not correctly impersonate user requests.","63","2",,"3","0","0","-9223372036854775808","612","Microsoft-Windows-WMI","1edeee53-0afe-4609-b846-d8c0b2075b1f","Application","1876","7524","Crow-2","S-1-5-18","6/28/2023 8:17:56 PM","6dea4f1b-aa27-000b-f358-ea6d27aad901",,"Application","System.UInt32[]","System.Diagnostics.Eventing.Reader.EventBookmark","Warning","Info",,"System.Collections.ObjectModel.ReadOnlyCollection`1[System.String]","System.Collections.Generic.List`1[System.Diagnostics.Eventing.Reader.EventProperty]"
"A provider, MS_Power_Management_Event_Provider, has been registered in the Windows Management Instrumentation namespace Root\CIMV2 to use the LocalSystem account. This account is privileged and the provider may cause a security violation if it does not correctly impersonate user requests.","63","2",,"3","0","0","-9223372036854775808","611","Microsoft-Windows-WMI","1edeee53-0afe-4609-b846-d8c0b2075b1f","Application","1876","3712","Crow-2","S-1-5-18","6/28/2023 8:17:56 PM",,,"Application","System.UInt32[]","System.Diagnostics.Eventing.Reader.EventBookmark","Warning","Info",,"System.Collections.ObjectModel.ReadOnlyCollection`1[System.String]","System.Collections.Generic.List`1[System.Diagnostics.Eventing.Reader.EventProperty]"
"A provider, IntelMEProv, has been registered in the Windows Management Instrumentation namespace root\Intel_ME to use the LocalSystem account. This account is privileged and the provider may cause a security violation if it does not correctly impersonate user requests.","63","2",,"3","0","0","-9223372036854775808","608","Microsoft-Windows-WMI","1edeee53-0afe-4609-b846-d8c0b2075b1f","Application","1876","6564","Crow-2","S-1-5-18","6/28/2023 8:17:34 PM",,,"Application","System.UInt32[]","System.Diagnostics.Eventing.Reader.EventBookmark","Warning","Info",,"System.Collections.ObjectModel.ReadOnlyCollection`1[System.String]","System.Collections.Generic.List`1[System.Diagnostics.Eventing.Reader.EventProperty]"
"A provider, IntelMEProv, has been registered in the Windows Management Instrumentation namespace root\Intel_ME to use the LocalSystem account. This account is privileged and the provider may cause a security violation if it does not correctly impersonate user requests.","63","2",,"3","0","0","-9223372036854775808","607","Microsoft-Windows-WMI","1edeee53-0afe-4609-b846-d8c0b2075b1f","Application","1876","6564","Crow-2","S-1-5-18","6/28/2023 8:17:34 PM",,,"Application","System.UInt32[]","System.Diagnostics.Eventing.Reader.EventBookmark","Warning","Info",,"System.Collections.ObjectModel.ReadOnlyCollection`1[System.String]","System.Collections.Generic.List`1[System.Diagnostics.Eventing.Reader.EventProperty]"
"A provider, IntelMEProv, has been registered in the Windows Management Instrumentation namespace root\Intel_ME to use the LocalSystem account. This account is privileged and the provider may cause a security violation if it does not correctly impersonate user requests.","63","2",,"3","0","0","-9223372036854775808","606","Microsoft-Windows-WMI","1edeee53-0afe-4609-b846-d8c0b2075b1f","Application","1876","3712","Crow-2","S-1-5-18","6/28/2023 8:17:34 PM",,,"Application","System.UInt32[]","System.Diagnostics.Eventing.Reader.EventBookmark","Warning","Info",,"System.Collections.ObjectModel.ReadOnlyCollection`1[System.String]","System.Collections.Generic.List`1[System.Diagnostics.Eventing.Reader.EventProperty]"
"Application 'C:\Program Files\WindowsApps\AD2F1837.myHP_6.52219.341.0_x64__v10z8vjag6ke6\win32\HPAudioSwitch.exe' (pid 6688) cannot be restarted - Application SID does not match Conductor SID..","10010","0",,"3","0","0","-9223372036854775808","562","Microsoft-Windows-RestartManager","0888e5ef-9b98-4695-979d-e92ce4247224","Application","5516","8956","Crow-2","S-1-5-18","6/28/2023 7:54:37 PM",,,"Application","System.UInt32[]","System.Diagnostics.Eventing.Reader.EventBookmark","Warning","Info",,"System.Collections.ObjectModel.ReadOnlyCollection`1[System.String]","System.Collections.Generic.List`1[System.Diagnostics.Eventing.Reader.EventProperty]"
"The COM+ Event System timed out attempting to fire the DisplayLock method on event class {D5978630-5B9F-11D1-8DD2-00AA004ABD5E} for publisher  and subscriber .  The subscriber failed to respond within 180 seconds. The display name of the subscription is ""SENS Logon Subscription"". The HRESULT was 800705b4.","4627","0","32768","3","18","0","36028797018963968","532","Microsoft-Windows-EventSystem","899daace-4868-4295-afcd-9eb8fb497561","Application","3904","0","Crow-2",,"6/28/2023 5:49:32 PM",,,"Application","System.UInt32[]","System.Diagnostics.Eventing.Reader.EventBookmark","Warning",,"Firing Agent","System.Collections.ObjectModel.ReadOnlyCollection`1[System.String]","System.Collections.Generic.List`1[System.Diagnostics.Eventing.Reader.EventProperty]"
"The COM+ Event System timed out attempting to fire the DisplayLock method on event class {D5978630-5B9F-11D1-8DD2-00AA004ABD5E} for publisher  and subscriber .  The subscriber failed to respond within 180 seconds. The display name of the subscription is ""SENS Logon Subscription"". The HRESULT was 800705b4.","4627","0","32768","3","18","0","36028797018963968","423","Microsoft-Windows-EventSystem","899daace-4868-4295-afcd-9eb8fb497561","Application","3904","0","Crow-2",,"6/26/2023 8:12:34 PM",,,"Application","System.UInt32[]","System.Diagnostics.Eventing.Reader.EventBookmark","Warning",,"Firing Agent","System.Collections.ObjectModel.ReadOnlyCollection`1[System.String]","System.Collections.Generic.List`1[System.Diagnostics.Eventing.Reader.EventProperty]"
"The filter host process 4156 did not respond and is being forcibly terminated. 
","10024","0","32768","3","3","0","36028797018963968","224","Microsoft-Windows-Search","ca4e628d-8567-4896-ab6b-835b221f373f","Application","10612","0","Crow-2",,"6/25/2023 10:36:55 PM",,,"Application","System.UInt32[]","System.Diagnostics.Eventing.Reader.EventBookmark","Warning",,"Gatherer","System.Collections.ObjectModel.ReadOnlyCollection`1[System.String]","System.Collections.Generic.List`1[System.Diagnostics.Eventing.Reader.EventProperty]"
"Application 'C:\Program Files (x86)\Microsoft\EdgeWebView\Application\114.0.1823.58\msedgewebview2.exe' (pid 12256) cannot be restarted - Application SID does not match Conductor SID..","10010","0",,"3","0","0","-9223372036854775808","197","Microsoft-Windows-RestartManager","0888e5ef-9b98-4695-979d-e92ce4247224","Application","9376","12436","Crow-2","S-1-5-18","6/25/2023 10:28:33 PM",,,"Application","System.UInt32[]","System.Diagnostics.Eventing.Reader.EventBookmark","Warning","Info",,"System.Collections.ObjectModel.ReadOnlyCollection`1[System.String]","System.Collections.Generic.List`1[System.Diagnostics.Eventing.Reader.EventProperty]"
"Application 'C:\Program Files\WindowsApps\AD2F1837.myHP_6.52219.341.0_x64__v10z8vjag6ke6\win32\HPAudioSwitch.exe' (pid 7180) cannot be restarted - Application SID does not match Conductor SID..","10010","0",,"3","0","0","-9223372036854775808","196","Microsoft-Windows-RestartManager","0888e5ef-9b98-4695-979d-e92ce4247224","Application","9376","12436","Crow-2","S-1-5-18","6/25/2023 10:28:33 PM",,,"Application","System.UInt32[]","System.Diagnostics.Eventing.Reader.EventBookmark","Warning","Info",,"System.Collections.ObjectModel.ReadOnlyCollection`1[System.String]","System.Collections.Generic.List`1[System.Diagnostics.Eventing.Reader.EventProperty]"
"Application 'C:\Program Files\WindowsApps\AD2F1837.OMENCommandCenter_1101.2205.0.0_x64__v10z8vjag6ke6\win32\OmenCommandCenterBackground.exe' (pid 9800) cannot be restarted - Application SID does not match Conductor SID..","10010","0",,"3","0","0","-9223372036854775808","195","Microsoft-Windows-RestartManager","0888e5ef-9b98-4695-979d-e92ce4247224","Application","9376","12436","Crow-2","S-1-5-18","6/25/2023 10:28:33 PM",,,"Application","System.UInt32[]","System.Diagnostics.Eventing.Reader.EventBookmark","Warning","Info",,"System.Collections.ObjectModel.ReadOnlyCollection`1[System.String]","System.Collections.Generic.List`1[System.Diagnostics.Eventing.Reader.EventProperty]"
"Application 'C:\Users\crowj\AppData\Local\Microsoft\OneDrive\OneDrive.exe' (pid 8508) cannot be restarted - Application SID does not match Conductor SID..","10010","0",,"3","0","0","-9223372036854775808","194","Microsoft-Windows-RestartManager","0888e5ef-9b98-4695-979d-e92ce4247224","Application","9376","12436","Crow-2","S-1-5-18","6/25/2023 10:28:33 PM",,,"Application","System.UInt32[]","System.Diagnostics.Eventing.Reader.EventBookmark","Warning","Info",,"System.Collections.ObjectModel.ReadOnlyCollection`1[System.String]","System.Collections.Generic.List`1[System.Diagnostics.Eventing.Reader.EventProperty]"
"Application 'C:\Program Files\WindowsApps\AD2F1837.HPSystemEventUtility_1.2.25.0_x64__v10z8vjag6ke6\SystemEventUtility\HPSystemEventUtilityHost.exe' (pid 15572) cannot be restarted - Application SID does not match Conductor SID..","10010","0",,"3","0","0","-9223372036854775808","193","Microsoft-Windows-RestartManager","0888e5ef-9b98-4695-979d-e92ce4247224","Application","9376","12436","Crow-2","S-1-5-18","6/25/2023 10:28:33 PM",,,"Application","System.UInt32[]","System.Diagnostics.Eventing.Reader.EventBookmark","Warning","Info",,"System.Collections.ObjectModel.ReadOnlyCollection`1[System.String]","System.Collections.Generic.List`1[System.Diagnostics.Eventing.Reader.EventProperty]"
"Application 'C:\Program Files\Microsoft Office\root\Office16\MSACCESS.EXE' (pid 14792) cannot be restarted - Application SID does not match Conductor SID..","10010","0",,"3","0","0","-9223372036854775808","192","Microsoft-Windows-RestartManager","0888e5ef-9b98-4695-979d-e92ce4247224","Application","9376","12436","Crow-2","S-1-5-18","6/25/2023 10:28:33 PM",,,"Application","System.UInt32[]","System.Diagnostics.Eventing.Reader.EventBookmark","Warning","Info",,"System.Collections.ObjectModel.ReadOnlyCollection`1[System.String]","System.Collections.Generic.List`1[System.Diagnostics.Eventing.Reader.EventProperty]"
"Application 'C:\Program Files\WindowsApps\AD2F1837.myHP_6.52219.341.0_x64__v10z8vjag6ke6\HP.MyHP.exe' (pid 13948) cannot be restarted - Application SID does not match Conductor SID..","10010","0",,"3","0","0","-9223372036854775808","191","Microsoft-Windows-RestartManager","0888e5ef-9b98-4695-979d-e92ce4247224","Application","9376","12436","Crow-2","S-1-5-18","6/25/2023 10:28:33 PM",,,"Application","System.UInt32[]","System.Diagnostics.Eventing.Reader.EventBookmark","Warning","Info",,"System.Collections.ObjectModel.ReadOnlyCollection`1[System.String]","System.Collections.Generic.List`1[System.Diagnostics.Eventing.Reader.EventProperty]"
"Application 'C:\Program Files (x86)\Microsoft\EdgeWebView\Application\114.0.1823.58\msedgewebview2.exe' (pid 13344) cannot be restarted - Application SID does not match Conductor SID..","10010","0",,"3","0","0","-9223372036854775808","190","Microsoft-Windows-RestartManager","0888e5ef-9b98-4695-979d-e92ce4247224","Application","9376","12436","Crow-2","S-1-5-18","6/25/2023 10:28:33 PM",,,"Application","System.UInt32[]","System.Diagnostics.Eventing.Reader.EventBookmark","Warning","Info",,"System.Collections.ObjectModel.ReadOnlyCollection`1[System.String]","System.Collections.Generic.List`1[System.Diagnostics.Eventing.Reader.EventProperty]"
"Application 'C:\Program Files (x86)\Microsoft\Edge\Application\msedge.exe' (pid 8448) cannot be restarted - Application SID does not match Conductor SID..","10010","0",,"3","0","0","-9223372036854775808","189","Microsoft-Windows-RestartManager","0888e5ef-9b98-4695-979d-e92ce4247224","Application","9376","12436","Crow-2","S-1-5-18","6/25/2023 10:28:33 PM",,,"Application","System.UInt32[]","System.Diagnostics.Eventing.Reader.EventBookmark","Warning","Info",,"System.Collections.ObjectModel.ReadOnlyCollection`1[System.String]","System.Collections.Generic.List`1[System.Diagnostics.Eventing.Reader.EventProperty]"
"Application 'C:\Windows\SystemApps\MicrosoftWindows.Client.CBS_cw5n1h2txyewy\SearchHost.exe' (pid 10780) cannot be restarted - Application SID does not match Conductor SID..","10010","0",,"3","0","0","-9223372036854775808","188","Microsoft-Windows-RestartManager","0888e5ef-9b98-4695-979d-e92ce4247224","Application","9376","12436","Crow-2","S-1-5-18","6/25/2023 10:28:33 PM",,,"Application","System.UInt32[]","System.Diagnostics.Eventing.Reader.EventBookmark","Warning","Info",,"System.Collections.ObjectModel.ReadOnlyCollection`1[System.String]","System.Collections.Generic.List`1[System.Diagnostics.Eventing.Reader.EventProperty]"
"Application 'C:\Windows\SystemApps\Microsoft.Windows.StartMenuExperienceHost_cw5n1h2txyewy\StartMenuExperienceHost.exe' (pid 10952) cannot be restarted - Application SID does not match Conductor SID..","10010","0",,"3","0","0","-9223372036854775808","187","Microsoft-Windows-RestartManager","0888e5ef-9b98-4695-979d-e92ce4247224","Application","9376","12436","Crow-2","S-1-5-18","6/25/2023 10:28:33 PM",,,"Application","System.UInt32[]","System.Diagnostics.Eventing.Reader.EventBookmark","Warning","Info",,"System.Collections.ObjectModel.ReadOnlyCollection`1[System.String]","System.Collections.Generic.List`1[System.Diagnostics.Eventing.Reader.EventProperty]"
"Application 'C:\Windows\explorer.exe' (pid 12020) cannot be restarted - Application SID does not match Conductor SID..","10010","0",,"3","0","0","-9223372036854775808","186","Microsoft-Windows-RestartManager","0888e5ef-9b98-4695-979d-e92ce4247224","Application","9376","12436","Crow-2","S-1-5-18","6/25/2023 10:28:33 PM",,,"Application","System.UInt32[]","System.Diagnostics.Eventing.Reader.EventBookmark","Warning","Info",,"System.Collections.ObjectModel.ReadOnlyCollection`1[System.String]","System.Collections.Generic.List`1[System.Diagnostics.Eventing.Reader.EventProperty]"
"Application 'C:\Windows\System32\dwm.exe' (pid 5444) cannot be restarted - Application SID does not match Conductor SID..","10010","0",,"3","0","0","-9223372036854775808","185","Microsoft-Windows-RestartManager","0888e5ef-9b98-4695-979d-e92ce4247224","Application","9376","12436","Crow-2","S-1-5-18","6/25/2023 10:28:33 PM",,,"Application","System.UInt32[]","System.Diagnostics.Eventing.Reader.EventBookmark","Warning","Info",,"System.Collections.ObjectModel.ReadOnlyCollection`1[System.String]","System.Collections.Generic.List`1[System.Diagnostics.Eventing.Reader.EventProperty]"
"A provider, IntelMEProv, has been registered in the Windows Management Instrumentation namespace root\Intel_ME to use the LocalSystem account. This account is privileged and the provider may cause a security violation if it does not correctly impersonate user requests.","63","2",,"3","0","0","-9223372036854775808","110","Microsoft-Windows-WMI","1edeee53-0afe-4609-b846-d8c0b2075b1f","Application","3176","7144","Crow-2","S-1-5-18","6/25/2023 10:06:27 PM",,,"Application","System.UInt32[]","System.Diagnostics.Eventing.Reader.EventBookmark","Warning","Info",,"System.Collections.ObjectModel.ReadOnlyCollection`1[System.String]","System.Collections.Generic.List`1[System.Diagnostics.Eventing.Reader.EventProperty]"
"A provider, IntelMEProv, has been registered in the Windows Management Instrumentation namespace root\Intel_ME to use the LocalSystem account. This account is privileged and the provider may cause a security violation if it does not correctly impersonate user requests.","63","2",,"3","0","0","-9223372036854775808","109","Microsoft-Windows-WMI","1edeee53-0afe-4609-b846-d8c0b2075b1f","Application","3176","7144","Crow-2","S-1-5-18","6/25/2023 10:06:27 PM",,,"Application","System.UInt32[]","System.Diagnostics.Eventing.Reader.EventBookmark","Warning","Info",,"System.Collections.ObjectModel.ReadOnlyCollection`1[System.String]","System.Collections.Generic.List`1[System.Diagnostics.Eventing.Reader.EventProperty]"
"A provider, IntelMEProv, has been registered in the Windows Management Instrumentation namespace root\Intel_ME to use the LocalSystem account. This account is privileged and the provider may cause a security violation if it does not correctly impersonate user requests.","63","2",,"3","0","0","-9223372036854775808","108","Microsoft-Windows-WMI","1edeee53-0afe-4609-b846-d8c0b2075b1f","Application","3176","3860","Crow-2","S-1-5-18","6/25/2023 10:06:27 PM",,,"Application","System.UInt32[]","System.Diagnostics.Eventing.Reader.EventBookmark","Warning","Info",,"System.Collections.ObjectModel.ReadOnlyCollection`1[System.String]","System.Collections.Generic.List`1[System.Diagnostics.Eventing.Reader.EventProperty]"
"A provider, IntelMEProv, has been registered in the Windows Management Instrumentation namespace root\Intel_ME to use the LocalSystem account. This account is privileged and the provider may cause a security violation if it does not correctly impersonate user requests.","63","2",,"3","0","0","-9223372036854775808","77","Microsoft-Windows-WMI","1edeee53-0afe-4609-b846-d8c0b2075b1f","Application","4040","9428","LAPTOP-VE8A5S76","S-1-5-18","6/25/2023 10:03:47 PM",,,"Application","System.UInt32[]","System.Diagnostics.Eventing.Reader.EventBookmark","Warning","Info",,"System.Collections.ObjectModel.ReadOnlyCollection`1[System.String]","System.Collections.Generic.List`1[System.Diagnostics.Eventing.Reader.EventProperty]"
"A provider, IntelMEProv, has been registered in the Windows Management Instrumentation namespace root\Intel_ME to use the LocalSystem account. This account is privileged and the provider may cause a security violation if it does not correctly impersonate user requests.","63","2",,"3","0","0","-9223372036854775808","76","Microsoft-Windows-WMI","1edeee53-0afe-4609-b846-d8c0b2075b1f","Application","4040","5412","LAPTOP-VE8A5S76","S-1-5-18","6/25/2023 10:03:47 PM",,,"Application","System.UInt32[]","System.Diagnostics.Eventing.Reader.EventBookmark","Warning","Info",,"System.Collections.ObjectModel.ReadOnlyCollection`1[System.String]","System.Collections.Generic.List`1[System.Diagnostics.Eventing.Reader.EventProperty]"
"A provider, IntelMEProv, has been registered in the Windows Management Instrumentation namespace root\Intel_ME to use the LocalSystem account. This account is privileged and the provider may cause a security violation if it does not correctly impersonate user requests.","63","2",,"3","0","0","-9223372036854775808","75","Microsoft-Windows-WMI","1edeee53-0afe-4609-b846-d8c0b2075b1f","Application","4040","7740","LAPTOP-VE8A5S76","S-1-5-18","6/25/2023 10:03:47 PM",,,"Application","System.UInt32[]","System.Diagnostics.Eventing.Reader.EventBookmark","Warning","Info",,"System.Collections.ObjectModel.ReadOnlyCollection`1[System.String]","System.Collections.Generic.List`1[System.Diagnostics.Eventing.Reader.EventProperty]"
"The Windows Search Service is starting up and attempting to remove the old search index {Reason: Full Index Reset}. 
","1008","0","32768","3","1","0","36028797018963968","13","Microsoft-Windows-Search","ca4e628d-8567-4896-ab6b-835b221f373f","Application","8668","0","LAPTOP-VE8A5S76",,"6/26/2023 5:59:33 AM",,,"Application","System.UInt32[]","System.Diagnostics.Eventing.Reader.EventBookmark","Warning",,"Search service","System.Collections.ObjectModel.ReadOnlyCollection`1[System.String]","System.Collections.Generic.List`1[System.Diagnostics.Eventing.Reader.EventProperty]"
