"Application 'C:\Program Files\Microsoft Office\root\Office16\WINWORD.EXE' (pid 19688) cannot be restarted - Application SID does not match Conductor SID..","10010","0",,"3","0","0","-9223372036854775808","8191","Microsoft-Windows-RestartManager","0888e5ef-9b98-4695-979d-e92ce4247224","Application","22840","17024","Crow-2","S-1-5-18","10/4/2023 1:04:39 AM",,,"Application","System.UInt32[]","System.Diagnostics.Eventing.Reader.EventBookmark","Warning","Info",,"System.Collections.ObjectModel.ReadOnlyCollection`1[System.String]","System.Collections.Generic.List`1[System.Diagnostics.Eventing.Reader.EventProperty]"
"Application 'C:\Program Files\Microsoft Office\root\vfs\ProgramFilesCommonX64\Microsoft Shared\OFFICE16\ai.exe' (pid 16520) cannot be restarted - Application SID does not match Conductor SID..","10010","0",,"3","0","0","-9223372036854775808","8187","Microsoft-Windows-RestartManager","0888e5ef-9b98-4695-979d-e92ce4247224","Application","16512","23468","Crow-2","S-1-5-18","10/4/2023 12:59:43 AM",,,"Application","System.UInt32[]","System.Diagnostics.Eventing.Reader.EventBookmark","Warning","Info",,"System.Collections.ObjectModel.ReadOnlyCollection`1[System.String]","System.Collections.Generic.List`1[System.Diagnostics.Eventing.Reader.EventProperty]"
"Application 'C:\Program Files\Microsoft Office\root\vfs\ProgramFilesCommonX64\Microsoft Shared\OFFICE16\ai.exe' (pid 19500) cannot be restarted - Application SID does not match Conductor SID..","10010","0",,"3","0","0","-9223372036854775808","8186","Microsoft-Windows-RestartManager","0888e5ef-9b98-4695-979d-e92ce4247224","Application","16512","23468","Crow-2","S-1-5-18","10/4/2023 12:59:43 AM",,,"Application","System.UInt32[]","System.Diagnostics.Eventing.Reader.EventBookmark","Warning","Info",,"System.Collections.ObjectModel.ReadOnlyCollection`1[System.String]","System.Collections.Generic.List`1[System.Diagnostics.Eventing.Reader.EventProperty]"
"Application 'C:\Program Files\Microsoft Office\root\Office16\WINWORD.EXE' (pid 19688) cannot be restarted - Application SID does not match Conductor SID..","10010","0",,"3","0","0","-9223372036854775808","8185","Microsoft-Windows-RestartManager","0888e5ef-9b98-4695-979d-e92ce4247224","Application","16512","23468","Crow-2","S-1-5-18","10/4/2023 12:59:43 AM",,,"Application","System.UInt32[]","System.Diagnostics.Eventing.Reader.EventBookmark","Warning","Info",,"System.Collections.ObjectModel.ReadOnlyCollection`1[System.String]","System.Collections.Generic.List`1[System.Diagnostics.Eventing.Reader.EventProperty]"
"Application 'C:\Program Files\Microsoft Office\root\vfs\ProgramFilesCommonX64\Microsoft Shared\OFFICE16\ai.exe' (pid 16520) cannot be restarted - Application SID does not match Conductor SID..","10010","0",,"3","0","0","-9223372036854775808","8180","Microsoft-Windows-RestartManager","0888e5ef-9b98-4695-979d-e92ce4247224","Application","2060","24144","Crow-2","S-1-5-18","10/4/2023 12:50:48 AM",,,"Application","System.UInt32[]","System.Diagnostics.Eventing.Reader.EventBookmark","Warning","Info",,"System.Collections.ObjectModel.ReadOnlyCollection`1[System.String]","System.Collections.Generic.List`1[System.Diagnostics.Eventing.Reader.EventProperty]"
"Application 'C:\Program Files\Microsoft Office\root\vfs\ProgramFilesCommonX64\Microsoft Shared\OFFICE16\ai.exe' (pid 19500) cannot be restarted - Application SID does not match Conductor SID..","10010","0",,"3","0","0","-9223372036854775808","8179","Microsoft-Windows-RestartManager","0888e5ef-9b98-4695-979d-e92ce4247224","Application","2060","24144","Crow-2","S-1-5-18","10/4/2023 12:50:48 AM",,,"Application","System.UInt32[]","System.Diagnostics.Eventing.Reader.EventBookmark","Warning","Info",,"System.Collections.ObjectModel.ReadOnlyCollection`1[System.String]","System.Collections.Generic.List`1[System.Diagnostics.Eventing.Reader.EventProperty]"
"Application 'C:\Program Files\Microsoft Office\root\Office16\WINWORD.EXE' (pid 19688) cannot be restarted - Application SID does not match Conductor SID..","10010","0",,"3","0","0","-9223372036854775808","8178","Microsoft-Windows-RestartManager","0888e5ef-9b98-4695-979d-e92ce4247224","Application","2060","24144","Crow-2","S-1-5-18","10/4/2023 12:50:48 AM",,,"Application","System.UInt32[]","System.Diagnostics.Eventing.Reader.EventBookmark","Warning","Info",,"System.Collections.ObjectModel.ReadOnlyCollection`1[System.String]","System.Collections.Generic.List`1[System.Diagnostics.Eventing.Reader.EventProperty]"
"Application 'C:\Program Files\Microsoft Office\root\vfs\ProgramFilesCommonX64\Microsoft Shared\OFFICE16\ai.exe' (pid 16520) cannot be restarted - Application SID does not match Conductor SID..","10010","0",,"3","0","0","-9223372036854775808","8174","Microsoft-Windows-RestartManager","0888e5ef-9b98-4695-979d-e92ce4247224","Application","21592","17572","Crow-2","S-1-5-18","10/4/2023 12:46:01 AM",,,"Application","System.UInt32[]","System.Diagnostics.Eventing.Reader.EventBookmark","Warning","Info",,"System.Collections.ObjectModel.ReadOnlyCollection`1[System.String]","System.Collections.Generic.List`1[System.Diagnostics.Eventing.Reader.EventProperty]"
"Application 'C:\Program Files\Microsoft Office\root\vfs\ProgramFilesCommonX64\Microsoft Shared\OFFICE16\ai.exe' (pid 19500) cannot be restarted - Application SID does not match Conductor SID..","10010","0",,"3","0","0","-9223372036854775808","8173","Microsoft-Windows-RestartManager","0888e5ef-9b98-4695-979d-e92ce4247224","Application","21592","17572","Crow-2","S-1-5-18","10/4/2023 12:46:01 AM",,,"Application","System.UInt32[]","System.Diagnostics.Eventing.Reader.EventBookmark","Warning","Info",,"System.Collections.ObjectModel.ReadOnlyCollection`1[System.String]","System.Collections.Generic.List`1[System.Diagnostics.Eventing.Reader.EventProperty]"
"Application 'C:\Program Files\Microsoft Office\root\Office16\WINWORD.EXE' (pid 19688) cannot be restarted - Application SID does not match Conductor SID..","10010","0",,"3","0","0","-9223372036854775808","8172","Microsoft-Windows-RestartManager","0888e5ef-9b98-4695-979d-e92ce4247224","Application","21592","17572","Crow-2","S-1-5-18","10/4/2023 12:46:01 AM",,,"Application","System.UInt32[]","System.Diagnostics.Eventing.Reader.EventBookmark","Warning","Info",,"System.Collections.ObjectModel.ReadOnlyCollection`1[System.String]","System.Collections.Generic.List`1[System.Diagnostics.Eventing.Reader.EventProperty]"
"Application 'C:\Program Files\Microsoft Office\root\vfs\ProgramFilesCommonX64\Microsoft Shared\OFFICE16\ai.exe' (pid 16520) cannot be restarted - Application SID does not match Conductor SID..","10010","0",,"3","0","0","-9223372036854775808","8167","Microsoft-Windows-RestartManager","0888e5ef-9b98-4695-979d-e92ce4247224","Application","8900","17568","Crow-2","S-1-5-18","10/4/2023 12:41:19 AM",,,"Application","System.UInt32[]","System.Diagnostics.Eventing.Reader.EventBookmark","Warning","Info",,"System.Collections.ObjectModel.ReadOnlyCollection`1[System.String]","System.Collections.Generic.List`1[System.Diagnostics.Eventing.Reader.EventProperty]"
"Application 'C:\Program Files\Microsoft Office\root\vfs\ProgramFilesCommonX64\Microsoft Shared\OFFICE16\ai.exe' (pid 19500) cannot be restarted - Application SID does not match Conductor SID..","10010","0",,"3","0","0","-9223372036854775808","8166","Microsoft-Windows-RestartManager","0888e5ef-9b98-4695-979d-e92ce4247224","Application","8900","17568","Crow-2","S-1-5-18","10/4/2023 12:41:19 AM",,,"Application","System.UInt32[]","System.Diagnostics.Eventing.Reader.EventBookmark","Warning","Info",,"System.Collections.ObjectModel.ReadOnlyCollection`1[System.String]","System.Collections.Generic.List`1[System.Diagnostics.Eventing.Reader.EventProperty]"
"Application 'C:\Program Files\Microsoft Office\root\Office16\WINWORD.EXE' (pid 19688) cannot be restarted - Application SID does not match Conductor SID..","10010","0",,"3","0","0","-9223372036854775808","8165","Microsoft-Windows-RestartManager","0888e5ef-9b98-4695-979d-e92ce4247224","Application","8900","17568","Crow-2","S-1-5-18","10/4/2023 12:41:19 AM",,,"Application","System.UInt32[]","System.Diagnostics.Eventing.Reader.EventBookmark","Warning","Info",,"System.Collections.ObjectModel.ReadOnlyCollection`1[System.String]","System.Collections.Generic.List`1[System.Diagnostics.Eventing.Reader.EventProperty]"
"Application 'C:\Program Files\Microsoft Office\root\vfs\ProgramFilesCommonX64\Microsoft Shared\OFFICE16\ai.exe' (pid 16520) cannot be restarted - Application SID does not match Conductor SID..","10010","0",,"3","0","0","-9223372036854775808","8160","Microsoft-Windows-RestartManager","0888e5ef-9b98-4695-979d-e92ce4247224","Application","10868","21640","Crow-2","S-1-5-18","10/4/2023 12:34:00 AM",,,"Application","System.UInt32[]","System.Diagnostics.Eventing.Reader.EventBookmark","Warning","Info",,"System.Collections.ObjectModel.ReadOnlyCollection`1[System.String]","System.Collections.Generic.List`1[System.Diagnostics.Eventing.Reader.EventProperty]"
"Application 'C:\Program Files\Microsoft Office\root\vfs\ProgramFilesCommonX64\Microsoft Shared\OFFICE16\ai.exe' (pid 19500) cannot be restarted - Application SID does not match Conductor SID..","10010","0",,"3","0","0","-9223372036854775808","8159","Microsoft-Windows-RestartManager","0888e5ef-9b98-4695-979d-e92ce4247224","Application","10868","21640","Crow-2","S-1-5-18","10/4/2023 12:34:00 AM",,,"Application","System.UInt32[]","System.Diagnostics.Eventing.Reader.EventBookmark","Warning","Info",,"System.Collections.ObjectModel.ReadOnlyCollection`1[System.String]","System.Collections.Generic.List`1[System.Diagnostics.Eventing.Reader.EventProperty]"
"Application 'C:\Program Files\Microsoft Office\root\Office16\WINWORD.EXE' (pid 19688) cannot be restarted - Application SID does not match Conductor SID..","10010","0",,"3","0","0","-9223372036854775808","8158","Microsoft-Windows-RestartManager","0888e5ef-9b98-4695-979d-e92ce4247224","Application","10868","21640","Crow-2","S-1-5-18","10/4/2023 12:34:00 AM",,,"Application","System.UInt32[]","System.Diagnostics.Eventing.Reader.EventBookmark","Warning","Info",,"System.Collections.ObjectModel.ReadOnlyCollection`1[System.String]","System.Collections.Generic.List`1[System.Diagnostics.Eventing.Reader.EventProperty]"
"Application 'C:\Program Files\Microsoft Office\root\vfs\ProgramFilesCommonX64\Microsoft Shared\OFFICE16\ai.exe' (pid 16520) cannot be restarted - Application SID does not match Conductor SID..","10010","0",,"3","0","0","-9223372036854775808","8154","Microsoft-Windows-RestartManager","0888e5ef-9b98-4695-979d-e92ce4247224","Application","964","23888","Crow-2","S-1-5-18","10/4/2023 12:29:22 AM",,,"Application","System.UInt32[]","System.Diagnostics.Eventing.Reader.EventBookmark","Warning","Info",,"System.Collections.ObjectModel.ReadOnlyCollection`1[System.String]","System.Collections.Generic.List`1[System.Diagnostics.Eventing.Reader.EventProperty]"
"Application 'C:\Program Files\Microsoft Office\root\vfs\ProgramFilesCommonX64\Microsoft Shared\OFFICE16\ai.exe' (pid 19500) cannot be restarted - Application SID does not match Conductor SID..","10010","0",,"3","0","0","-9223372036854775808","8153","Microsoft-Windows-RestartManager","0888e5ef-9b98-4695-979d-e92ce4247224","Application","964","23888","Crow-2","S-1-5-18","10/4/2023 12:29:22 AM",,,"Application","System.UInt32[]","System.Diagnostics.Eventing.Reader.EventBookmark","Warning","Info",,"System.Collections.ObjectModel.ReadOnlyCollection`1[System.String]","System.Collections.Generic.List`1[System.Diagnostics.Eventing.Reader.EventProperty]"
"Application 'C:\Program Files\Microsoft Office\root\Office16\WINWORD.EXE' (pid 19688) cannot be restarted - Application SID does not match Conductor SID..","10010","0",,"3","0","0","-9223372036854775808","8152","Microsoft-Windows-RestartManager","0888e5ef-9b98-4695-979d-e92ce4247224","Application","964","23888","Crow-2","S-1-5-18","10/4/2023 12:29:22 AM",,,"Application","System.UInt32[]","System.Diagnostics.Eventing.Reader.EventBookmark","Warning","Info",,"System.Collections.ObjectModel.ReadOnlyCollection`1[System.String]","System.Collections.Generic.List`1[System.Diagnostics.Eventing.Reader.EventProperty]"
"Application 'C:\Program Files\Microsoft Office\root\vfs\ProgramFilesCommonX64\Microsoft Shared\OFFICE16\ai.exe' (pid 16520) cannot be restarted - Application SID does not match Conductor SID..","10010","0",,"3","0","0","-9223372036854775808","8148","Microsoft-Windows-RestartManager","0888e5ef-9b98-4695-979d-e92ce4247224","Application","22648","21388","Crow-2","S-1-5-18","10/4/2023 12:24:23 AM",,,"Application","System.UInt32[]","System.Diagnostics.Eventing.Reader.EventBookmark","Warning","Info",,"System.Collections.ObjectModel.ReadOnlyCollection`1[System.String]","System.Collections.Generic.List`1[System.Diagnostics.Eventing.Reader.EventProperty]"
"Application 'C:\Program Files\Microsoft Office\root\vfs\ProgramFilesCommonX64\Microsoft Shared\OFFICE16\ai.exe' (pid 19500) cannot be restarted - Application SID does not match Conductor SID..","10010","0",,"3","0","0","-9223372036854775808","8147","Microsoft-Windows-RestartManager","0888e5ef-9b98-4695-979d-e92ce4247224","Application","22648","21388","Crow-2","S-1-5-18","10/4/2023 12:24:23 AM",,,"Application","System.UInt32[]","System.Diagnostics.Eventing.Reader.EventBookmark","Warning","Info",,"System.Collections.ObjectModel.ReadOnlyCollection`1[System.String]","System.Collections.Generic.List`1[System.Diagnostics.Eventing.Reader.EventProperty]"
"Application 'C:\Program Files\Microsoft Office\root\Office16\WINWORD.EXE' (pid 19688) cannot be restarted - Application SID does not match Conductor SID..","10010","0",,"3","0","0","-9223372036854775808","8146","Microsoft-Windows-RestartManager","0888e5ef-9b98-4695-979d-e92ce4247224","Application","22648","21388","Crow-2","S-1-5-18","10/4/2023 12:24:23 AM",,,"Application","System.UInt32[]","System.Diagnostics.Eventing.Reader.EventBookmark","Warning","Info",,"System.Collections.ObjectModel.ReadOnlyCollection`1[System.String]","System.Collections.Generic.List`1[System.Diagnostics.Eventing.Reader.EventProperty]"
"Application 'C:\Program Files\Microsoft Office\root\vfs\ProgramFilesCommonX64\Microsoft Shared\OFFICE16\ai.exe' (pid 16520) cannot be restarted - Application SID does not match Conductor SID..","10010","0",,"3","0","0","-9223372036854775808","8141","Microsoft-Windows-RestartManager","0888e5ef-9b98-4695-979d-e92ce4247224","Application","8732","22780","Crow-2","S-1-5-18","10/4/2023 12:19:35 AM",,,"Application","System.UInt32[]","System.Diagnostics.Eventing.Reader.EventBookmark","Warning","Info",,"System.Collections.ObjectModel.ReadOnlyCollection`1[System.String]","System.Collections.Generic.List`1[System.Diagnostics.Eventing.Reader.EventProperty]"
"Application 'C:\Program Files\Microsoft Office\root\vfs\ProgramFilesCommonX64\Microsoft Shared\OFFICE16\ai.exe' (pid 19500) cannot be restarted - Application SID does not match Conductor SID..","10010","0",,"3","0","0","-9223372036854775808","8140","Microsoft-Windows-RestartManager","0888e5ef-9b98-4695-979d-e92ce4247224","Application","8732","22780","Crow-2","S-1-5-18","10/4/2023 12:19:35 AM",,,"Application","System.UInt32[]","System.Diagnostics.Eventing.Reader.EventBookmark","Warning","Info",,"System.Collections.ObjectModel.ReadOnlyCollection`1[System.String]","System.Collections.Generic.List`1[System.Diagnostics.Eventing.Reader.EventProperty]"
"Application 'C:\Program Files\Microsoft Office\root\Office16\WINWORD.EXE' (pid 19688) cannot be restarted - Application SID does not match Conductor SID..","10010","0",,"3","0","0","-9223372036854775808","8139","Microsoft-Windows-RestartManager","0888e5ef-9b98-4695-979d-e92ce4247224","Application","8732","22780","Crow-2","S-1-5-18","10/4/2023 12:19:35 AM",,,"Application","System.UInt32[]","System.Diagnostics.Eventing.Reader.EventBookmark","Warning","Info",,"System.Collections.ObjectModel.ReadOnlyCollection`1[System.String]","System.Collections.Generic.List`1[System.Diagnostics.Eventing.Reader.EventProperty]"
"Application 'C:\Program Files\Microsoft Office\root\vfs\ProgramFilesCommonX64\Microsoft Shared\OFFICE16\ai.exe' (pid 16520) cannot be restarted - Application SID does not match Conductor SID..","10010","0",,"3","0","0","-9223372036854775808","8134","Microsoft-Windows-RestartManager","0888e5ef-9b98-4695-979d-e92ce4247224","Application","21056","8068","Crow-2","S-1-5-18","10/4/2023 12:06:17 AM",,,"Application","System.UInt32[]","System.Diagnostics.Eventing.Reader.EventBookmark","Warning","Info",,"System.Collections.ObjectModel.ReadOnlyCollection`1[System.String]","System.Collections.Generic.List`1[System.Diagnostics.Eventing.Reader.EventProperty]"
"Application 'C:\Program Files\Microsoft Office\root\vfs\ProgramFilesCommonX64\Microsoft Shared\OFFICE16\ai.exe' (pid 19500) cannot be restarted - Application SID does not match Conductor SID..","10010","0",,"3","0","0","-9223372036854775808","8133","Microsoft-Windows-RestartManager","0888e5ef-9b98-4695-979d-e92ce4247224","Application","21056","8068","Crow-2","S-1-5-18","10/4/2023 12:06:17 AM",,,"Application","System.UInt32[]","System.Diagnostics.Eventing.Reader.EventBookmark","Warning","Info",,"System.Collections.ObjectModel.ReadOnlyCollection`1[System.String]","System.Collections.Generic.List`1[System.Diagnostics.Eventing.Reader.EventProperty]"
"Application 'C:\Program Files\Microsoft Office\root\Office16\WINWORD.EXE' (pid 19688) cannot be restarted - Application SID does not match Conductor SID..","10010","0",,"3","0","0","-9223372036854775808","8132","Microsoft-Windows-RestartManager","0888e5ef-9b98-4695-979d-e92ce4247224","Application","21056","8068","Crow-2","S-1-5-18","10/4/2023 12:06:17 AM",,,"Application","System.UInt32[]","System.Diagnostics.Eventing.Reader.EventBookmark","Warning","Info",,"System.Collections.ObjectModel.ReadOnlyCollection`1[System.String]","System.Collections.Generic.List`1[System.Diagnostics.Eventing.Reader.EventProperty]"
"Application 'C:\Program Files\Microsoft Office\root\vfs\ProgramFilesCommonX64\Microsoft Shared\OFFICE16\ai.exe' (pid 16520) cannot be restarted - Application SID does not match Conductor SID..","10010","0",,"3","0","0","-9223372036854775808","8127","Microsoft-Windows-RestartManager","0888e5ef-9b98-4695-979d-e92ce4247224","Application","23284","13280","Crow-2","S-1-5-18","10/4/2023 12:01:25 AM",,,"Application","System.UInt32[]","System.Diagnostics.Eventing.Reader.EventBookmark","Warning","Info",,"System.Collections.ObjectModel.ReadOnlyCollection`1[System.String]","System.Collections.Generic.List`1[System.Diagnostics.Eventing.Reader.EventProperty]"
"Application 'C:\Program Files\Microsoft Office\root\vfs\ProgramFilesCommonX64\Microsoft Shared\OFFICE16\ai.exe' (pid 19500) cannot be restarted - Application SID does not match Conductor SID..","10010","0",,"3","0","0","-9223372036854775808","8126","Microsoft-Windows-RestartManager","0888e5ef-9b98-4695-979d-e92ce4247224","Application","23284","13280","Crow-2","S-1-5-18","10/4/2023 12:01:25 AM",,,"Application","System.UInt32[]","System.Diagnostics.Eventing.Reader.EventBookmark","Warning","Info",,"System.Collections.ObjectModel.ReadOnlyCollection`1[System.String]","System.Collections.Generic.List`1[System.Diagnostics.Eventing.Reader.EventProperty]"
"Application 'C:\Program Files\Microsoft Office\root\Office16\WINWORD.EXE' (pid 19688) cannot be restarted - Application SID does not match Conductor SID..","10010","0",,"3","0","0","-9223372036854775808","8125","Microsoft-Windows-RestartManager","0888e5ef-9b98-4695-979d-e92ce4247224","Application","23284","13280","Crow-2","S-1-5-18","10/4/2023 12:01:25 AM",,,"Application","System.UInt32[]","System.Diagnostics.Eventing.Reader.EventBookmark","Warning","Info",,"System.Collections.ObjectModel.ReadOnlyCollection`1[System.String]","System.Collections.Generic.List`1[System.Diagnostics.Eventing.Reader.EventProperty]"
"Application 'C:\Program Files\Microsoft Office\root\vfs\ProgramFilesCommonX64\Microsoft Shared\OFFICE16\ai.exe' (pid 16520) cannot be restarted - Application SID does not match Conductor SID..","10010","0",,"3","0","0","-9223372036854775808","8119","Microsoft-Windows-RestartManager","0888e5ef-9b98-4695-979d-e92ce4247224","Application","15944","22008","Crow-2","S-1-5-18","10/3/2023 11:39:01 PM",,,"Application","System.UInt32[]","System.Diagnostics.Eventing.Reader.EventBookmark","Warning","Info",,"System.Collections.ObjectModel.ReadOnlyCollection`1[System.String]","System.Collections.Generic.List`1[System.Diagnostics.Eventing.Reader.EventProperty]"
"Application 'C:\Program Files\Microsoft Office\root\vfs\ProgramFilesCommonX64\Microsoft Shared\OFFICE16\ai.exe' (pid 19500) cannot be restarted - Application SID does not match Conductor SID..","10010","0",,"3","0","0","-9223372036854775808","8118","Microsoft-Windows-RestartManager","0888e5ef-9b98-4695-979d-e92ce4247224","Application","15944","22008","Crow-2","S-1-5-18","10/3/2023 11:39:01 PM",,,"Application","System.UInt32[]","System.Diagnostics.Eventing.Reader.EventBookmark","Warning","Info",,"System.Collections.ObjectModel.ReadOnlyCollection`1[System.String]","System.Collections.Generic.List`1[System.Diagnostics.Eventing.Reader.EventProperty]"
"Application 'C:\Program Files\Microsoft Office\root\Office16\WINWORD.EXE' (pid 19688) cannot be restarted - Application SID does not match Conductor SID..","10010","0",,"3","0","0","-9223372036854775808","8117","Microsoft-Windows-RestartManager","0888e5ef-9b98-4695-979d-e92ce4247224","Application","15944","22008","Crow-2","S-1-5-18","10/3/2023 11:39:01 PM",,,"Application","System.UInt32[]","System.Diagnostics.Eventing.Reader.EventBookmark","Warning","Info",,"System.Collections.ObjectModel.ReadOnlyCollection`1[System.String]","System.Collections.Generic.List`1[System.Diagnostics.Eventing.Reader.EventProperty]"
"Application 'C:\Program Files\Microsoft Office\root\vfs\ProgramFilesCommonX64\Microsoft Shared\OFFICE16\ai.exe' (pid 16520) cannot be restarted - Application SID does not match Conductor SID..","10010","0",,"3","0","0","-9223372036854775808","8112","Microsoft-Windows-RestartManager","0888e5ef-9b98-4695-979d-e92ce4247224","Application","24168","1964","Crow-2","S-1-5-18","10/3/2023 11:34:21 PM",,,"Application","System.UInt32[]","System.Diagnostics.Eventing.Reader.EventBookmark","Warning","Info",,"System.Collections.ObjectModel.ReadOnlyCollection`1[System.String]","System.Collections.Generic.List`1[System.Diagnostics.Eventing.Reader.EventProperty]"
"Application 'C:\Program Files\Microsoft Office\root\vfs\ProgramFilesCommonX64\Microsoft Shared\OFFICE16\ai.exe' (pid 19500) cannot be restarted - Application SID does not match Conductor SID..","10010","0",,"3","0","0","-9223372036854775808","8111","Microsoft-Windows-RestartManager","0888e5ef-9b98-4695-979d-e92ce4247224","Application","24168","1964","Crow-2","S-1-5-18","10/3/2023 11:34:21 PM",,,"Application","System.UInt32[]","System.Diagnostics.Eventing.Reader.EventBookmark","Warning","Info",,"System.Collections.ObjectModel.ReadOnlyCollection`1[System.String]","System.Collections.Generic.List`1[System.Diagnostics.Eventing.Reader.EventProperty]"
"Application 'C:\Program Files\Microsoft Office\root\Office16\WINWORD.EXE' (pid 19688) cannot be restarted - Application SID does not match Conductor SID..","10010","0",,"3","0","0","-9223372036854775808","8110","Microsoft-Windows-RestartManager","0888e5ef-9b98-4695-979d-e92ce4247224","Application","24168","1964","Crow-2","S-1-5-18","10/3/2023 11:34:21 PM",,,"Application","System.UInt32[]","System.Diagnostics.Eventing.Reader.EventBookmark","Warning","Info",,"System.Collections.ObjectModel.ReadOnlyCollection`1[System.String]","System.Collections.Generic.List`1[System.Diagnostics.Eventing.Reader.EventProperty]"
"Application 'C:\Program Files\Microsoft Office\root\vfs\ProgramFilesCommonX64\Microsoft Shared\OFFICE16\ai.exe' (pid 16520) cannot be restarted - Application SID does not match Conductor SID..","10010","0",,"3","0","0","-9223372036854775808","8102","Microsoft-Windows-RestartManager","0888e5ef-9b98-4695-979d-e92ce4247224","Application","20284","7112","Crow-2","S-1-5-18","10/3/2023 10:56:41 PM",,,"Application","System.UInt32[]","System.Diagnostics.Eventing.Reader.EventBookmark","Warning","Info",,"System.Collections.ObjectModel.ReadOnlyCollection`1[System.String]","System.Collections.Generic.List`1[System.Diagnostics.Eventing.Reader.EventProperty]"
"Application 'C:\Program Files\Microsoft Office\root\vfs\ProgramFilesCommonX64\Microsoft Shared\OFFICE16\ai.exe' (pid 19500) cannot be restarted - Application SID does not match Conductor SID..","10010","0",,"3","0","0","-9223372036854775808","8101","Microsoft-Windows-RestartManager","0888e5ef-9b98-4695-979d-e92ce4247224","Application","20284","7112","Crow-2","S-1-5-18","10/3/2023 10:56:41 PM",,,"Application","System.UInt32[]","System.Diagnostics.Eventing.Reader.EventBookmark","Warning","Info",,"System.Collections.ObjectModel.ReadOnlyCollection`1[System.String]","System.Collections.Generic.List`1[System.Diagnostics.Eventing.Reader.EventProperty]"
"Application 'C:\Program Files\Microsoft Office\root\Office16\WINWORD.EXE' (pid 19688) cannot be restarted - Application SID does not match Conductor SID..","10010","0",,"3","0","0","-9223372036854775808","8100","Microsoft-Windows-RestartManager","0888e5ef-9b98-4695-979d-e92ce4247224","Application","20284","7112","Crow-2","S-1-5-18","10/3/2023 10:56:41 PM",,,"Application","System.UInt32[]","System.Diagnostics.Eventing.Reader.EventBookmark","Warning","Info",,"System.Collections.ObjectModel.ReadOnlyCollection`1[System.String]","System.Collections.Generic.List`1[System.Diagnostics.Eventing.Reader.EventProperty]"
"Application 'C:\Program Files\Microsoft Office\root\vfs\ProgramFilesCommonX64\Microsoft Shared\OFFICE16\ai.exe' (pid 16520) cannot be restarted - Application SID does not match Conductor SID..","10010","0",,"3","0","0","-9223372036854775808","8096","Microsoft-Windows-RestartManager","0888e5ef-9b98-4695-979d-e92ce4247224","Application","18804","21656","Crow-2","S-1-5-18","10/3/2023 10:41:37 PM",,,"Application","System.UInt32[]","System.Diagnostics.Eventing.Reader.EventBookmark","Warning","Info",,"System.Collections.ObjectModel.ReadOnlyCollection`1[System.String]","System.Collections.Generic.List`1[System.Diagnostics.Eventing.Reader.EventProperty]"
"Application 'C:\Program Files\Microsoft Office\root\vfs\ProgramFilesCommonX64\Microsoft Shared\OFFICE16\ai.exe' (pid 19500) cannot be restarted - Application SID does not match Conductor SID..","10010","0",,"3","0","0","-9223372036854775808","8095","Microsoft-Windows-RestartManager","0888e5ef-9b98-4695-979d-e92ce4247224","Application","18804","21656","Crow-2","S-1-5-18","10/3/2023 10:41:37 PM",,,"Application","System.UInt32[]","System.Diagnostics.Eventing.Reader.EventBookmark","Warning","Info",,"System.Collections.ObjectModel.ReadOnlyCollection`1[System.String]","System.Collections.Generic.List`1[System.Diagnostics.Eventing.Reader.EventProperty]"
"Application 'C:\Program Files\Microsoft Office\root\Office16\WINWORD.EXE' (pid 19688) cannot be restarted - Application SID does not match Conductor SID..","10010","0",,"3","0","0","-9223372036854775808","8094","Microsoft-Windows-RestartManager","0888e5ef-9b98-4695-979d-e92ce4247224","Application","18804","21656","Crow-2","S-1-5-18","10/3/2023 10:41:37 PM",,,"Application","System.UInt32[]","System.Diagnostics.Eventing.Reader.EventBookmark","Warning","Info",,"System.Collections.ObjectModel.ReadOnlyCollection`1[System.String]","System.Collections.Generic.List`1[System.Diagnostics.Eventing.Reader.EventProperty]"
"Application 'C:\Program Files\Microsoft Office\root\vfs\ProgramFilesCommonX64\Microsoft Shared\OFFICE16\ai.exe' (pid 16520) cannot be restarted - Application SID does not match Conductor SID..","10010","0",,"3","0","0","-9223372036854775808","8090","Microsoft-Windows-RestartManager","0888e5ef-9b98-4695-979d-e92ce4247224","Application","4852","9864","Crow-2","S-1-5-18","10/3/2023 10:36:26 PM",,,"Application","System.UInt32[]","System.Diagnostics.Eventing.Reader.EventBookmark","Warning","Info",,"System.Collections.ObjectModel.ReadOnlyCollection`1[System.String]","System.Collections.Generic.List`1[System.Diagnostics.Eventing.Reader.EventProperty]"
"Application 'C:\Program Files\Microsoft Office\root\vfs\ProgramFilesCommonX64\Microsoft Shared\OFFICE16\ai.exe' (pid 19500) cannot be restarted - Application SID does not match Conductor SID..","10010","0",,"3","0","0","-9223372036854775808","8089","Microsoft-Windows-RestartManager","0888e5ef-9b98-4695-979d-e92ce4247224","Application","4852","9864","Crow-2","S-1-5-18","10/3/2023 10:36:26 PM",,,"Application","System.UInt32[]","System.Diagnostics.Eventing.Reader.EventBookmark","Warning","Info",,"System.Collections.ObjectModel.ReadOnlyCollection`1[System.String]","System.Collections.Generic.List`1[System.Diagnostics.Eventing.Reader.EventProperty]"
"Application 'C:\Program Files\Microsoft Office\root\Office16\WINWORD.EXE' (pid 19688) cannot be restarted - Application SID does not match Conductor SID..","10010","0",,"3","0","0","-9223372036854775808","8088","Microsoft-Windows-RestartManager","0888e5ef-9b98-4695-979d-e92ce4247224","Application","4852","9864","Crow-2","S-1-5-18","10/3/2023 10:36:26 PM",,,"Application","System.UInt32[]","System.Diagnostics.Eventing.Reader.EventBookmark","Warning","Info",,"System.Collections.ObjectModel.ReadOnlyCollection`1[System.String]","System.Collections.Generic.List`1[System.Diagnostics.Eventing.Reader.EventProperty]"
"Application 'C:\Program Files\Microsoft Office\root\vfs\ProgramFilesCommonX64\Microsoft Shared\OFFICE16\ai.exe' (pid 16520) cannot be restarted - Application SID does not match Conductor SID..","10010","0",,"3","0","0","-9223372036854775808","8083","Microsoft-Windows-RestartManager","0888e5ef-9b98-4695-979d-e92ce4247224","Application","14156","8944","Crow-2","S-1-5-18","10/3/2023 10:27:48 PM",,,"Application","System.UInt32[]","System.Diagnostics.Eventing.Reader.EventBookmark","Warning","Info",,"System.Collections.ObjectModel.ReadOnlyCollection`1[System.String]","System.Collections.Generic.List`1[System.Diagnostics.Eventing.Reader.EventProperty]"
"Application 'C:\Program Files\Microsoft Office\root\vfs\ProgramFilesCommonX64\Microsoft Shared\OFFICE16\ai.exe' (pid 19500) cannot be restarted - Application SID does not match Conductor SID..","10010","0",,"3","0","0","-9223372036854775808","8082","Microsoft-Windows-RestartManager","0888e5ef-9b98-4695-979d-e92ce4247224","Application","14156","8944","Crow-2","S-1-5-18","10/3/2023 10:27:48 PM",,,"Application","System.UInt32[]","System.Diagnostics.Eventing.Reader.EventBookmark","Warning","Info",,"System.Collections.ObjectModel.ReadOnlyCollection`1[System.String]","System.Collections.Generic.List`1[System.Diagnostics.Eventing.Reader.EventProperty]"
"Application 'C:\Program Files\Microsoft Office\root\Office16\WINWORD.EXE' (pid 19688) cannot be restarted - Application SID does not match Conductor SID..","10010","0",,"3","0","0","-9223372036854775808","8081","Microsoft-Windows-RestartManager","0888e5ef-9b98-4695-979d-e92ce4247224","Application","14156","8944","Crow-2","S-1-5-18","10/3/2023 10:27:48 PM",,,"Application","System.UInt32[]","System.Diagnostics.Eventing.Reader.EventBookmark","Warning","Info",,"System.Collections.ObjectModel.ReadOnlyCollection`1[System.String]","System.Collections.Generic.List`1[System.Diagnostics.Eventing.Reader.EventProperty]"
"Application 'C:\Program Files\Microsoft Office\root\vfs\ProgramFilesCommonX64\Microsoft Shared\OFFICE16\ai.exe' (pid 16520) cannot be restarted - Application SID does not match Conductor SID..","10010","0",,"3","0","0","-9223372036854775808","8076","Microsoft-Windows-RestartManager","0888e5ef-9b98-4695-979d-e92ce4247224","Application","19776","16080","Crow-2","S-1-5-18","10/3/2023 10:19:14 PM",,,"Application","System.UInt32[]","System.Diagnostics.Eventing.Reader.EventBookmark","Warning","Info",,"System.Collections.ObjectModel.ReadOnlyCollection`1[System.String]","System.Collections.Generic.List`1[System.Diagnostics.Eventing.Reader.EventProperty]"
"Application 'C:\Program Files\Microsoft Office\root\vfs\ProgramFilesCommonX64\Microsoft Shared\OFFICE16\ai.exe' (pid 19500) cannot be restarted - Application SID does not match Conductor SID..","10010","0",,"3","0","0","-9223372036854775808","8075","Microsoft-Windows-RestartManager","0888e5ef-9b98-4695-979d-e92ce4247224","Application","19776","16080","Crow-2","S-1-5-18","10/3/2023 10:19:14 PM",,,"Application","System.UInt32[]","System.Diagnostics.Eventing.Reader.EventBookmark","Warning","Info",,"System.Collections.ObjectModel.ReadOnlyCollection`1[System.String]","System.Collections.Generic.List`1[System.Diagnostics.Eventing.Reader.EventProperty]"
"Application 'C:\Program Files\Microsoft Office\root\Office16\WINWORD.EXE' (pid 19688) cannot be restarted - Application SID does not match Conductor SID..","10010","0",,"3","0","0","-9223372036854775808","8074","Microsoft-Windows-RestartManager","0888e5ef-9b98-4695-979d-e92ce4247224","Application","19776","16080","Crow-2","S-1-5-18","10/3/2023 10:19:14 PM",,,"Application","System.UInt32[]","System.Diagnostics.Eventing.Reader.EventBookmark","Warning","Info",,"System.Collections.ObjectModel.ReadOnlyCollection`1[System.String]","System.Collections.Generic.List`1[System.Diagnostics.Eventing.Reader.EventProperty]"
"Application 'C:\Program Files\Microsoft Office\root\vfs\ProgramFilesCommonX64\Microsoft Shared\OFFICE16\ai.exe' (pid 19500) cannot be restarted - Application SID does not match Conductor SID..","10010","0",,"3","0","0","-9223372036854775808","8065","Microsoft-Windows-RestartManager","0888e5ef-9b98-4695-979d-e92ce4247224","Application","21424","17688","Crow-2","S-1-5-18","10/3/2023 9:59:24 PM",,,"Application","System.UInt32[]","System.Diagnostics.Eventing.Reader.EventBookmark","Warning","Info",,"System.Collections.ObjectModel.ReadOnlyCollection`1[System.String]","System.Collections.Generic.List`1[System.Diagnostics.Eventing.Reader.EventProperty]"
"Application 'C:\Program Files\Microsoft Office\root\Office16\WINWORD.EXE' (pid 19688) cannot be restarted - Application SID does not match Conductor SID..","10010","0",,"3","0","0","-9223372036854775808","8064","Microsoft-Windows-RestartManager","0888e5ef-9b98-4695-979d-e92ce4247224","Application","21424","17688","Crow-2","S-1-5-18","10/3/2023 9:59:24 PM",,,"Application","System.UInt32[]","System.Diagnostics.Eventing.Reader.EventBookmark","Warning","Info",,"System.Collections.ObjectModel.ReadOnlyCollection`1[System.String]","System.Collections.Generic.List`1[System.Diagnostics.Eventing.Reader.EventProperty]"
"Application 'C:\Program Files\Microsoft Office\root\vfs\ProgramFilesCommonX64\Microsoft Shared\OFFICE16\ai.exe' (pid 19500) cannot be restarted - Application SID does not match Conductor SID..","10010","0",,"3","0","0","-9223372036854775808","8057","Microsoft-Windows-RestartManager","0888e5ef-9b98-4695-979d-e92ce4247224","Application","23124","21312","Crow-2","S-1-5-18","10/3/2023 9:54:20 PM",,,"Application","System.UInt32[]","System.Diagnostics.Eventing.Reader.EventBookmark","Warning","Info",,"System.Collections.ObjectModel.ReadOnlyCollection`1[System.String]","System.Collections.Generic.List`1[System.Diagnostics.Eventing.Reader.EventProperty]"
"Application 'C:\Program Files\Microsoft Office\root\Office16\WINWORD.EXE' (pid 19688) cannot be restarted - Application SID does not match Conductor SID..","10010","0",,"3","0","0","-9223372036854775808","8056","Microsoft-Windows-RestartManager","0888e5ef-9b98-4695-979d-e92ce4247224","Application","23124","21312","Crow-2","S-1-5-18","10/3/2023 9:54:20 PM",,,"Application","System.UInt32[]","System.Diagnostics.Eventing.Reader.EventBookmark","Warning","Info",,"System.Collections.ObjectModel.ReadOnlyCollection`1[System.String]","System.Collections.Generic.List`1[System.Diagnostics.Eventing.Reader.EventProperty]"
"Application 'C:\Program Files\Microsoft Office\root\vfs\ProgramFilesCommonX64\Microsoft Shared\OFFICE16\ai.exe' (pid 19500) cannot be restarted - Application SID does not match Conductor SID..","10010","0",,"3","0","0","-9223372036854775808","8051","Microsoft-Windows-RestartManager","0888e5ef-9b98-4695-979d-e92ce4247224","Application","5860","21268","Crow-2","S-1-5-18","10/3/2023 9:41:53 PM",,,"Application","System.UInt32[]","System.Diagnostics.Eventing.Reader.EventBookmark","Warning","Info",,"System.Collections.ObjectModel.ReadOnlyCollection`1[System.String]","System.Collections.Generic.List`1[System.Diagnostics.Eventing.Reader.EventProperty]"
"Application 'C:\Program Files\Microsoft Office\root\Office16\WINWORD.EXE' (pid 19688) cannot be restarted - Application SID does not match Conductor SID..","10010","0",,"3","0","0","-9223372036854775808","8050","Microsoft-Windows-RestartManager","0888e5ef-9b98-4695-979d-e92ce4247224","Application","5860","21268","Crow-2","S-1-5-18","10/3/2023 9:41:53 PM",,,"Application","System.UInt32[]","System.Diagnostics.Eventing.Reader.EventBookmark","Warning","Info",,"System.Collections.ObjectModel.ReadOnlyCollection`1[System.String]","System.Collections.Generic.List`1[System.Diagnostics.Eventing.Reader.EventProperty]"
"Application 'C:\Program Files\Microsoft Office\root\vfs\ProgramFilesCommonX64\Microsoft Shared\OFFICE16\ai.exe' (pid 19500) cannot be restarted - Application SID does not match Conductor SID..","10010","0",,"3","0","0","-9223372036854775808","8042","Microsoft-Windows-RestartManager","0888e5ef-9b98-4695-979d-e92ce4247224","Application","10792","23512","Crow-2","S-1-5-18","10/3/2023 9:34:11 PM",,,"Application","System.UInt32[]","System.Diagnostics.Eventing.Reader.EventBookmark","Warning","Info",,"System.Collections.ObjectModel.ReadOnlyCollection`1[System.String]","System.Collections.Generic.List`1[System.Diagnostics.Eventing.Reader.EventProperty]"
"Application 'C:\Program Files\Microsoft Office\root\Office16\WINWORD.EXE' (pid 19688) cannot be restarted - Application SID does not match Conductor SID..","10010","0",,"3","0","0","-9223372036854775808","8041","Microsoft-Windows-RestartManager","0888e5ef-9b98-4695-979d-e92ce4247224","Application","10792","23512","Crow-2","S-1-5-18","10/3/2023 9:34:11 PM",,,"Application","System.UInt32[]","System.Diagnostics.Eventing.Reader.EventBookmark","Warning","Info",,"System.Collections.ObjectModel.ReadOnlyCollection`1[System.String]","System.Collections.Generic.List`1[System.Diagnostics.Eventing.Reader.EventProperty]"
"Application 'C:\Program Files\Microsoft Office\root\vfs\ProgramFilesCommonX64\Microsoft Shared\OFFICE16\ai.exe' (pid 19500) cannot be restarted - Application SID does not match Conductor SID..","10010","0",,"3","0","0","-9223372036854775808","8037","Microsoft-Windows-RestartManager","0888e5ef-9b98-4695-979d-e92ce4247224","Application","8440","19524","Crow-2","S-1-5-18","10/3/2023 9:29:24 PM",,,"Application","System.UInt32[]","System.Diagnostics.Eventing.Reader.EventBookmark","Warning","Info",,"System.Collections.ObjectModel.ReadOnlyCollection`1[System.String]","System.Collections.Generic.List`1[System.Diagnostics.Eventing.Reader.EventProperty]"
"Application 'C:\Program Files\Microsoft Office\root\Office16\WINWORD.EXE' (pid 19688) cannot be restarted - Application SID does not match Conductor SID..","10010","0",,"3","0","0","-9223372036854775808","8036","Microsoft-Windows-RestartManager","0888e5ef-9b98-4695-979d-e92ce4247224","Application","8440","19524","Crow-2","S-1-5-18","10/3/2023 9:29:24 PM",,,"Application","System.UInt32[]","System.Diagnostics.Eventing.Reader.EventBookmark","Warning","Info",,"System.Collections.ObjectModel.ReadOnlyCollection`1[System.String]","System.Collections.Generic.List`1[System.Diagnostics.Eventing.Reader.EventProperty]"
"Application 'C:\Program Files\Microsoft Office\root\vfs\ProgramFilesCommonX64\Microsoft Shared\OFFICE16\ai.exe' (pid 19500) cannot be restarted - Application SID does not match Conductor SID..","10010","0",,"3","0","0","-9223372036854775808","8031","Microsoft-Windows-RestartManager","0888e5ef-9b98-4695-979d-e92ce4247224","Application","2612","19864","Crow-2","S-1-5-18","10/3/2023 9:22:08 PM",,,"Application","System.UInt32[]","System.Diagnostics.Eventing.Reader.EventBookmark","Warning","Info",,"System.Collections.ObjectModel.ReadOnlyCollection`1[System.String]","System.Collections.Generic.List`1[System.Diagnostics.Eventing.Reader.EventProperty]"
"Application 'C:\Program Files\Microsoft Office\root\Office16\WINWORD.EXE' (pid 19688) cannot be restarted - Application SID does not match Conductor SID..","10010","0",,"3","0","0","-9223372036854775808","8030","Microsoft-Windows-RestartManager","0888e5ef-9b98-4695-979d-e92ce4247224","Application","2612","19864","Crow-2","S-1-5-18","10/3/2023 9:22:08 PM",,,"Application","System.UInt32[]","System.Diagnostics.Eventing.Reader.EventBookmark","Warning","Info",,"System.Collections.ObjectModel.ReadOnlyCollection`1[System.String]","System.Collections.Generic.List`1[System.Diagnostics.Eventing.Reader.EventProperty]"
"Application 'C:\Program Files\Microsoft Office\root\vfs\ProgramFilesCommonX64\Microsoft Shared\OFFICE16\ai.exe' (pid 19500) cannot be restarted - Application SID does not match Conductor SID..","10010","0",,"3","0","0","-9223372036854775808","8023","Microsoft-Windows-RestartManager","0888e5ef-9b98-4695-979d-e92ce4247224","Application","8856","11680","Crow-2","S-1-5-18","10/3/2023 9:14:44 PM",,,"Application","System.UInt32[]","System.Diagnostics.Eventing.Reader.EventBookmark","Warning","Info",,"System.Collections.ObjectModel.ReadOnlyCollection`1[System.String]","System.Collections.Generic.List`1[System.Diagnostics.Eventing.Reader.EventProperty]"
"Application 'C:\Program Files\Microsoft Office\root\Office16\WINWORD.EXE' (pid 19688) cannot be restarted - Application SID does not match Conductor SID..","10010","0",,"3","0","0","-9223372036854775808","8022","Microsoft-Windows-RestartManager","0888e5ef-9b98-4695-979d-e92ce4247224","Application","8856","11680","Crow-2","S-1-5-18","10/3/2023 9:14:44 PM",,,"Application","System.UInt32[]","System.Diagnostics.Eventing.Reader.EventBookmark","Warning","Info",,"System.Collections.ObjectModel.ReadOnlyCollection`1[System.String]","System.Collections.Generic.List`1[System.Diagnostics.Eventing.Reader.EventProperty]"
"Application 'C:\Program Files\Microsoft Office\root\vfs\ProgramFilesCommonX64\Microsoft Shared\OFFICE16\ai.exe' (pid 19500) cannot be restarted - Application SID does not match Conductor SID..","10010","0",,"3","0","0","-9223372036854775808","8017","Microsoft-Windows-RestartManager","0888e5ef-9b98-4695-979d-e92ce4247224","Application","3752","11528","Crow-2","S-1-5-18","10/3/2023 9:12:32 PM",,,"Application","System.UInt32[]","System.Diagnostics.Eventing.Reader.EventBookmark","Warning","Info",,"System.Collections.ObjectModel.ReadOnlyCollection`1[System.String]","System.Collections.Generic.List`1[System.Diagnostics.Eventing.Reader.EventProperty]"
"Application 'C:\Program Files\Microsoft Office\root\Office16\WINWORD.EXE' (pid 19688) cannot be restarted - Application SID does not match Conductor SID..","10010","0",,"3","0","0","-9223372036854775808","8016","Microsoft-Windows-RestartManager","0888e5ef-9b98-4695-979d-e92ce4247224","Application","3752","11528","Crow-2","S-1-5-18","10/3/2023 9:12:32 PM",,,"Application","System.UInt32[]","System.Diagnostics.Eventing.Reader.EventBookmark","Warning","Info",,"System.Collections.ObjectModel.ReadOnlyCollection`1[System.String]","System.Collections.Generic.List`1[System.Diagnostics.Eventing.Reader.EventProperty]"
"Scoping unsuccessful for shadowcopy \\?\GLOBALROOT\Device\HarddiskVolumeShadowCopy9 with error 0x80070057.","8303","0",,"3","0","0","-9223372036854775808","7996","Microsoft-Windows-System-Restore","126cdb97-d346-4894-8a34-658da5eea1b6","Application","18576","6780","Crow-2","S-1-5-18","10/3/2023 9:05:38 PM",,,"Application","System.UInt32[]","System.Diagnostics.Eventing.Reader.EventBookmark","Warning","Info",,"System.Collections.ObjectModel.ReadOnlyCollection`1[System.String]","System.Collections.Generic.List`1[System.Diagnostics.Eventing.Reader.EventProperty]"
"The COM+ Event System timed out attempting to fire the DisplayLock method on event class {D5978630-5B9F-11D1-8DD2-00AA004ABD5E} for publisher  and subscriber .  The subscriber failed to respond within 180 seconds. The display name of the subscription is ""SENS Display Events"". The HRESULT was 800705b4.","4627","0","32768","3","18","0","36028797018963968","7765","Microsoft-Windows-EventSystem","899daace-4868-4295-afcd-9eb8fb497561","Application","4060","0","Crow-2",,"9/30/2023 3:31:10 PM",,,"Application","System.UInt32[]","System.Diagnostics.Eventing.Reader.EventBookmark","Warning",,"Firing Agent","System.Collections.ObjectModel.ReadOnlyCollection`1[System.String]","System.Collections.Generic.List`1[System.Diagnostics.Eventing.Reader.EventProperty]"
"qmgr.dll (2264,T,0) QmgrDatabaseInstance: A request to write to the file ""C:\ProgramData\Microsoft\Network\Downloader\edb.log"" at offset 20480 (0x0000000000005000) for 12288 (0x00003000) bytes succeeded, but took an abnormally long time (24 seconds) to be serviced by the OS. This problem is likely due to faulty hardware. Please contact your hardware vendor for further assistance diagnosing the problem.","508","0","0","3","7","0","36028797018963968","7664","ESENT",,"Application","2264","0","Crow-2",,"9/28/2023 5:46:18 PM",,,"Application","System.UInt32[]","System.Diagnostics.Eventing.Reader.EventBookmark","Warning","Info","Performance","System.Collections.ObjectModel.ReadOnlyCollection`1[System.String]","System.Collections.Generic.List`1[System.Diagnostics.Eventing.Reader.EventProperty]"
"The COM+ Event System timed out attempting to fire the DisplayLock method on event class {D5978630-5B9F-11D1-8DD2-00AA004ABD5E} for publisher  and subscriber .  The subscriber failed to respond within 180 seconds. The display name of the subscription is ""SENS Display Events"". The HRESULT was 800705b4.","4627","0","32768","3","18","0","36028797018963968","7529","Microsoft-Windows-EventSystem","899daace-4868-4295-afcd-9eb8fb497561","Application","4060","0","Crow-2",,"9/27/2023 9:02:39 AM",,,"Application","System.UInt32[]","System.Diagnostics.Eventing.Reader.EventBookmark","Warning",,"Firing Agent","System.Collections.ObjectModel.ReadOnlyCollection`1[System.String]","System.Collections.Generic.List`1[System.Diagnostics.Eventing.Reader.EventProperty]"
"The Open procedure for service ""WmiApRpl"" in DLL ""C:\windows\system32\wbem\wmiaprpl.dll"" failed with error code The device is not ready.. Performance data for this service will not be available.","1008","1",,"3","0","0","-9223372036854775808","7470","Microsoft-Windows-Perflib","13b197bd-7cee-4b4e-8dd0-59314ce374ce","Application","14992","19684","Crow-2","S-1-5-21-2575685057-3981701006-2922909388-1001","9/26/2023 3:37:44 PM",,,"Application","System.UInt32[]","System.Diagnostics.Eventing.Reader.EventBookmark","Warning","Info",,"System.Collections.ObjectModel.ReadOnlyCollection`1[System.String]","System.Collections.Generic.List`1[System.Diagnostics.Eventing.Reader.EventProperty]"
"The Open procedure for service ""MSDTC"" in DLL ""C:\windows\system32\msdtcuiu.DLL"" failed with error code The system cannot find the file specified.. Performance data for this service will not be available.","1008","1",,"3","0","0","-9223372036854775808","7469","Microsoft-Windows-Perflib","13b197bd-7cee-4b4e-8dd0-59314ce374ce","Application","14992","19684","Crow-2","S-1-5-21-2575685057-3981701006-2922909388-1001","9/26/2023 3:37:44 PM",,,"Application","System.UInt32[]","System.Diagnostics.Eventing.Reader.EventBookmark","Warning","Info",,"System.Collections.ObjectModel.ReadOnlyCollection`1[System.String]","System.Collections.Generic.List`1[System.Diagnostics.Eventing.Reader.EventProperty]"
"The Open procedure for service ""ESENT"" in DLL ""C:\windows\system32\esentprf.dll"" failed with error code Access is denied.. Performance data for this service will not be available.","1008","1",,"3","0","0","-9223372036854775808","7468","Microsoft-Windows-Perflib","13b197bd-7cee-4b4e-8dd0-59314ce374ce","Application","14992","19684","Crow-2","S-1-5-21-2575685057-3981701006-2922909388-1001","9/26/2023 3:37:44 PM",,,"Application","System.UInt32[]","System.Diagnostics.Eventing.Reader.EventBookmark","Warning","Info",,"System.Collections.ObjectModel.ReadOnlyCollection`1[System.String]","System.Collections.Generic.List`1[System.Diagnostics.Eventing.Reader.EventProperty]"
"The Open procedure for service ""WmiApRpl"" in DLL ""C:\windows\system32\wbem\wmiaprpl.dll"" failed with error code The device is not ready.. Performance data for this service will not be available.","1008","1",,"3","0","0","-9223372036854775808","7435","Microsoft-Windows-Perflib","13b197bd-7cee-4b4e-8dd0-59314ce374ce","Application","14224","13764","Crow-2","S-1-5-21-2575685057-3981701006-2922909388-1001","9/24/2023 10:56:00 PM",,,"Application","System.UInt32[]","System.Diagnostics.Eventing.Reader.EventBookmark","Warning","Info",,"System.Collections.ObjectModel.ReadOnlyCollection`1[System.String]","System.Collections.Generic.List`1[System.Diagnostics.Eventing.Reader.EventProperty]"
"The Open procedure for service ""MSDTC"" in DLL ""C:\windows\system32\msdtcuiu.DLL"" failed with error code The system cannot find the file specified.. Performance data for this service will not be available.","1008","1",,"3","0","0","-9223372036854775808","7434","Microsoft-Windows-Perflib","13b197bd-7cee-4b4e-8dd0-59314ce374ce","Application","14224","13764","Crow-2","S-1-5-21-2575685057-3981701006-2922909388-1001","9/24/2023 10:56:00 PM",,,"Application","System.UInt32[]","System.Diagnostics.Eventing.Reader.EventBookmark","Warning","Info",,"System.Collections.ObjectModel.ReadOnlyCollection`1[System.String]","System.Collections.Generic.List`1[System.Diagnostics.Eventing.Reader.EventProperty]"
